[2015-06-04 02:59:48] local.ERROR: exception 'Symfony\Component\Debug\Exception\FatalErrorException' with message 'syntax error, unexpected 'middlewaretest' (T_STRING)' in D:\Wamp\www\laravelTest\storage\framework\views\e8f09ba57584582a82c77b1c838e65c3:11
Stack trace:
#0 D:\Wamp\www\laravelTest\vendor\compiled.php(1743): Symfony\Component\Debug\Exception\FatalErrorException->__construct()
#1 D:\Wamp\www\laravelTest\vendor\compiled.php(1738): Illuminate\Foundation\Bootstrap\HandleExceptions->fatalExceptionFromError()
#2 D:\Wamp\www\laravelTest\vendor\compiled.php(0): Illuminate\Foundation\Bootstrap\HandleExceptions->handleShutdown()
#3 D:\Wamp\www\laravelTest\vendor\compiled.php(13683): Illuminate\View\Engines\PhpEngine->evaluatePath()
#4 D:\Wamp\www\laravelTest\vendor\compiled.php(13523): Illuminate\View\Engines\CompilerEngine->get()
#5 D:\Wamp\www\laravelTest\vendor\compiled.php(13510): Illuminate\View\View->getContents()
#6 D:\Wamp\www\laravelTest\vendor\compiled.php(13501): Illuminate\View\View->renderContents()
#7 D:\Wamp\www\laravelTest\vendor\compiled.php(14597): Illuminate\View\View->render()
#8 D:\Wamp\www\laravelTest\vendor\compiled.php(14126): Illuminate\Http\Response->setContent()
#9 D:\Wamp\www\laravelTest\vendor\compiled.php(7154): Symfony\Component\HttpFoundation\Response->__construct()
#10 D:\Wamp\www\laravelTest\vendor\compiled.php(6954): Illuminate\Routing\Router->prepareResponse()
#11 D:\Wamp\www\laravelTest\vendor\compiled.php(8952): Illuminate\Routing\Router->Illuminate\Routing\{closure}()
#12 D:\Wamp\www\laravelTest\vendor\compiled.php(8952): call_user_func:{D:\Wamp\www\laravelTest\vendor\compiled.php:8952}()
#13 D:\Wamp\www\laravelTest\vendor\compiled.php(8935): Illuminate\Pipeline\Pipeline->Illuminate\Pipeline\{closure}()
#14 D:\Wamp\www\laravelTest\vendor\compiled.php(8935): call_user_func:{D:\Wamp\www\laravelTest\vendor\compiled.php:8935}()
#15 D:\Wamp\www\laravelTest\vendor\compiled.php(6955): Illuminate\Pipeline\Pipeline->then()
#16 D:\Wamp\www\laravelTest\vendor\compiled.php(6944): Illuminate\Routing\Router->runRouteWithinStack()
#17 D:\Wamp\www\laravelTest\vendor\compiled.php(6929): Illuminate\Routing\Router->dispatchToRoute()
#18 D:\Wamp\www\laravelTest\vendor\compiled.php(1935): Illuminate\Routing\Router->dispatch()
#19 D:\Wamp\www\laravelTest\vendor\compiled.php(8952): Illuminate\Foundation\Http\Kernel->Illuminate\Foundation\Http\{closure}()
#20 D:\Wamp\www\laravelTest\vendor\compiled.php(8952): call_user_func:{D:\Wamp\www\laravelTest\vendor\compiled.php:8952}()
#21 D:\Wamp\www\laravelTest\vendor\compiled.php(2438): Illuminate\Pipeline\Pipeline->Illuminate\Pipeline\{closure}()
#22 D:\Wamp\www\laravelTest\app\Http\Middleware\VerifyCsrfToken.php(17): Illuminate\Foundation\Http\Middleware\VerifyCsrfToken->handle()
#23 D:\Wamp\www\laravelTest\vendor\compiled.php(8944): App\Http\Middleware\VerifyCsrfToken->handle()
#24 D:\Wamp\www\laravelTest\vendor\compiled.php(12083): Illuminate\Pipeline\Pipeline->Illuminate\Pipeline\{closure}()
#25 D:\Wamp\www\laravelTest\vendor\compiled.php(8944): Illuminate\View\Middleware\ShareErrorsFromSession->handle()
#26 D:\Wamp\www\laravelTest\vendor\compiled.php(10785): Illuminate\Pipeline\Pipeline->Illuminate\Pipeline\{closure}()
#27 D:\Wamp\www\laravelTest\vendor\compiled.php(8944): Illuminate\Session\Middleware\StartSession->handle()
#28 D:\Wamp\www\laravelTest\vendor\compiled.php(11789): Illuminate\Pipeline\Pipeline->Illuminate\Pipeline\{closure}()
#29 D:\Wamp\www\laravelTest\vendor\compiled.php(8944): Illuminate\Cookie\Middleware\AddQueuedCookiesToResponse->handle()
#30 D:\Wamp\www\laravelTest\vendor\compiled.php(11738): Illuminate\Pipeline\Pipeline->Illuminate\Pipeline\{closure}()
#31 D:\Wamp\www\laravelTest\vendor\compiled.php(8944): Illuminate\Cookie\Middleware\EncryptCookies->handle()
#32 D:\Wamp\www\laravelTest\vendor\compiled.php(2478): Illuminate\Pipeline\Pipeline->Illuminate\Pipeline\{closure}()
#33 D:\Wamp\www\laravelTest\vendor\compiled.php(8944): Illuminate\Foundation\Http\Middleware\CheckForMaintenanceMode->handle()
#34 D:\Wamp\www\laravelTest\vendor\compiled.php(8935): Illuminate\Pipeline\Pipeline->Illuminate\Pipeline\{closure}()
#35 D:\Wamp\www\laravelTest\vendor\compiled.php(8935): call_user_func:{D:\Wamp\www\laravelTest\vendor\compiled.php:8935}()
#36 D:\Wamp\www\laravelTest\vendor\compiled.php(1891): Illuminate\Pipeline\Pipeline->then()
#37 D:\Wamp\www\laravelTest\vendor\compiled.php(1880): Illuminate\Foundation\Http\Kernel->sendRequestThroughRouter()
#38 D:\Wamp\www\laravelTest\public\index.php(53): Illuminate\Foundation\Http\Kernel->handle()
#39 D:\Wamp\www\laravelTest\public\index.php(0): {main}()
#40 {main}  
[2015-06-04 03:01:28] local.ERROR: exception 'Symfony\Component\Debug\Exception\FatalErrorException' with message 'syntax error, unexpected 'middlewaretest' (T_STRING)' in D:\Wamp\www\laravelTest\storage\framework\views\e8f09ba57584582a82c77b1c838e65c3:11
Stack trace:
#0 D:\Wamp\www\laravelTest\vendor\compiled.php(1743): Symfony\Component\Debug\Exception\FatalErrorException->__construct()
#1 D:\Wamp\www\laravelTest\vendor\compiled.php(1738): Illuminate\Foundation\Bootstrap\HandleExceptions->fatalExceptionFromError()
#2 D:\Wamp\www\laravelTest\vendor\compiled.php(0): Illuminate\Foundation\Bootstrap\HandleExceptions->handleShutdown()
#3 D:\Wamp\www\laravelTest\vendor\compiled.php(13683): Illuminate\View\Engines\PhpEngine->evaluatePath()
#4 D:\Wamp\www\laravelTest\vendor\compiled.php(13523): Illuminate\View\Engines\CompilerEngine->get()
#5 D:\Wamp\www\laravelTest\vendor\compiled.php(13510): Illuminate\View\View->getContents()
#6 D:\Wamp\www\laravelTest\vendor\compiled.php(13501): Illuminate\View\View->renderContents()
#7 D:\Wamp\www\laravelTest\vendor\compiled.php(14597): Illuminate\View\View->render()
#8 D:\Wamp\www\laravelTest\vendor\compiled.php(14126): Illuminate\Http\Response->setContent()
#9 D:\Wamp\www\laravelTest\vendor\compiled.php(7154): Symfony\Component\HttpFoundation\Response->__construct()
#10 D:\Wamp\www\laravelTest\vendor\compiled.php(6954): Illuminate\Routing\Router->prepareResponse()
#11 D:\Wamp\www\laravelTest\vendor\compiled.php(8952): Illuminate\Routing\Router->Illuminate\Routing\{closure}()
#12 D:\Wamp\www\laravelTest\vendor\compiled.php(8952): call_user_func:{D:\Wamp\www\laravelTest\vendor\compiled.php:8952}()
#13 D:\Wamp\www\laravelTest\vendor\compiled.php(8935): Illuminate\Pipeline\Pipeline->Illuminate\Pipeline\{closure}()
#14 D:\Wamp\www\laravelTest\vendor\compiled.php(8935): call_user_func:{D:\Wamp\www\laravelTest\vendor\compiled.php:8935}()
#15 D:\Wamp\www\laravelTest\vendor\compiled.php(6955): Illuminate\Pipeline\Pipeline->then()
#16 D:\Wamp\www\laravelTest\vendor\compiled.php(6944): Illuminate\Routing\Router->runRouteWithinStack()
#17 D:\Wamp\www\laravelTest\vendor\compiled.php(6929): Illuminate\Routing\Router->dispatchToRoute()
#18 D:\Wamp\www\laravelTest\vendor\compiled.php(1935): Illuminate\Routing\Router->dispatch()
#19 D:\Wamp\www\laravelTest\vendor\compiled.php(8952): Illuminate\Foundation\Http\Kernel->Illuminate\Foundation\Http\{closure}()
#20 D:\Wamp\www\laravelTest\vendor\compiled.php(8952): call_user_func:{D:\Wamp\www\laravelTest\vendor\compiled.php:8952}()
#21 D:\Wamp\www\laravelTest\vendor\compiled.php(2438): Illuminate\Pipeline\Pipeline->Illuminate\Pipeline\{closure}()
#22 D:\Wamp\www\laravelTest\app\Http\Middleware\VerifyCsrfToken.php(17): Illuminate\Foundation\Http\Middleware\VerifyCsrfToken->handle()
#23 D:\Wamp\www\laravelTest\vendor\compiled.php(8944): App\Http\Middleware\VerifyCsrfToken->handle()
#24 D:\Wamp\www\laravelTest\vendor\compiled.php(12083): Illuminate\Pipeline\Pipeline->Illuminate\Pipeline\{closure}()
#25 D:\Wamp\www\laravelTest\vendor\compiled.php(8944): Illuminate\View\Middleware\ShareErrorsFromSession->handle()
#26 D:\Wamp\www\laravelTest\vendor\compiled.php(10785): Illuminate\Pipeline\Pipeline->Illuminate\Pipeline\{closure}()
#27 D:\Wamp\www\laravelTest\vendor\compiled.php(8944): Illuminate\Session\Middleware\StartSession->handle()
#28 D:\Wamp\www\laravelTest\vendor\compiled.php(11789): Illuminate\Pipeline\Pipeline->Illuminate\Pipeline\{closure}()
#29 D:\Wamp\www\laravelTest\vendor\compiled.php(8944): Illuminate\Cookie\Middleware\AddQueuedCookiesToResponse->handle()
#30 D:\Wamp\www\laravelTest\vendor\compiled.php(11738): Illuminate\Pipeline\Pipeline->Illuminate\Pipeline\{closure}()
#31 D:\Wamp\www\laravelTest\vendor\compiled.php(8944): Illuminate\Cookie\Middleware\EncryptCookies->handle()
#32 D:\Wamp\www\laravelTest\vendor\compiled.php(2478): Illuminate\Pipeline\Pipeline->Illuminate\Pipeline\{closure}()
#33 D:\Wamp\www\laravelTest\vendor\compiled.php(8944): Illuminate\Foundation\Http\Middleware\CheckForMaintenanceMode->handle()
#34 D:\Wamp\www\laravelTest\vendor\compiled.php(8935): Illuminate\Pipeline\Pipeline->Illuminate\Pipeline\{closure}()
#35 D:\Wamp\www\laravelTest\vendor\compiled.php(8935): call_user_func:{D:\Wamp\www\laravelTest\vendor\compiled.php:8935}()
#36 D:\Wamp\www\laravelTest\vendor\compiled.php(1891): Illuminate\Pipeline\Pipeline->then()
#37 D:\Wamp\www\laravelTest\vendor\compiled.php(1880): Illuminate\Foundation\Http\Kernel->sendRequestThroughRouter()
#38 D:\Wamp\www\laravelTest\public\index.php(53): Illuminate\Foundation\Http\Kernel->handle()
#39 D:\Wamp\www\laravelTest\public\index.php(0): {main}()
#40 {main}  
[2015-06-04 03:01:30] local.ERROR: exception 'Symfony\Component\Debug\Exception\FatalErrorException' with message 'syntax error, unexpected 'middlewaretest' (T_STRING)' in D:\Wamp\www\laravelTest\storage\framework\views\e8f09ba57584582a82c77b1c838e65c3:11
Stack trace:
#0 D:\Wamp\www\laravelTest\vendor\compiled.php(1743): Symfony\Component\Debug\Exception\FatalErrorException->__construct()
#1 D:\Wamp\www\laravelTest\vendor\compiled.php(1738): Illuminate\Foundation\Bootstrap\HandleExceptions->fatalExceptionFromError()
#2 D:\Wamp\www\laravelTest\vendor\compiled.php(0): Illuminate\Foundation\Bootstrap\HandleExceptions->handleShutdown()
#3 D:\Wamp\www\laravelTest\vendor\compiled.php(13683): Illuminate\View\Engines\PhpEngine->evaluatePath()
#4 D:\Wamp\www\laravelTest\vendor\compiled.php(13523): Illuminate\View\Engines\CompilerEngine->get()
#5 D:\Wamp\www\laravelTest\vendor\compiled.php(13510): Illuminate\View\View->getContents()
#6 D:\Wamp\www\laravelTest\vendor\compiled.php(13501): Illuminate\View\View->renderContents()
#7 D:\Wamp\www\laravelTest\vendor\compiled.php(14597): Illuminate\View\View->render()
#8 D:\Wamp\www\laravelTest\vendor\compiled.php(14126): Illuminate\Http\Response->setContent()
#9 D:\Wamp\www\laravelTest\vendor\compiled.php(7154): Symfony\Component\HttpFoundation\Response->__construct()
#10 D:\Wamp\www\laravelTest\vendor\compiled.php(6954): Illuminate\Routing\Router->prepareResponse()
#11 D:\Wamp\www\laravelTest\vendor\compiled.php(8952): Illuminate\Routing\Router->Illuminate\Routing\{closure}()
#12 D:\Wamp\www\laravelTest\vendor\compiled.php(8952): call_user_func:{D:\Wamp\www\laravelTest\vendor\compiled.php:8952}()
#13 D:\Wamp\www\laravelTest\vendor\compiled.php(8935): Illuminate\Pipeline\Pipeline->Illuminate\Pipeline\{closure}()
#14 D:\Wamp\www\laravelTest\vendor\compiled.php(8935): call_user_func:{D:\Wamp\www\laravelTest\vendor\compiled.php:8935}()
#15 D:\Wamp\www\laravelTest\vendor\compiled.php(6955): Illuminate\Pipeline\Pipeline->then()
#16 D:\Wamp\www\laravelTest\vendor\compiled.php(6944): Illuminate\Routing\Router->runRouteWithinStack()
#17 D:\Wamp\www\laravelTest\vendor\compiled.php(6929): Illuminate\Routing\Router->dispatchToRoute()
#18 D:\Wamp\www\laravelTest\vendor\compiled.php(1935): Illuminate\Routing\Router->dispatch()
#19 D:\Wamp\www\laravelTest\vendor\compiled.php(8952): Illuminate\Foundation\Http\Kernel->Illuminate\Foundation\Http\{closure}()
#20 D:\Wamp\www\laravelTest\vendor\compiled.php(8952): call_user_func:{D:\Wamp\www\laravelTest\vendor\compiled.php:8952}()
#21 D:\Wamp\www\laravelTest\vendor\compiled.php(2438): Illuminate\Pipeline\Pipeline->Illuminate\Pipeline\{closure}()
#22 D:\Wamp\www\laravelTest\app\Http\Middleware\VerifyCsrfToken.php(17): Illuminate\Foundation\Http\Middleware\VerifyCsrfToken->handle()
#23 D:\Wamp\www\laravelTest\vendor\compiled.php(8944): App\Http\Middleware\VerifyCsrfToken->handle()
#24 D:\Wamp\www\laravelTest\vendor\compiled.php(12083): Illuminate\Pipeline\Pipeline->Illuminate\Pipeline\{closure}()
#25 D:\Wamp\www\laravelTest\vendor\compiled.php(8944): Illuminate\View\Middleware\ShareErrorsFromSession->handle()
#26 D:\Wamp\www\laravelTest\vendor\compiled.php(10785): Illuminate\Pipeline\Pipeline->Illuminate\Pipeline\{closure}()
#27 D:\Wamp\www\laravelTest\vendor\compiled.php(8944): Illuminate\Session\Middleware\StartSession->handle()
#28 D:\Wamp\www\laravelTest\vendor\compiled.php(11789): Illuminate\Pipeline\Pipeline->Illuminate\Pipeline\{closure}()
#29 D:\Wamp\www\laravelTest\vendor\compiled.php(8944): Illuminate\Cookie\Middleware\AddQueuedCookiesToResponse->handle()
#30 D:\Wamp\www\laravelTest\vendor\compiled.php(11738): Illuminate\Pipeline\Pipeline->Illuminate\Pipeline\{closure}()
#31 D:\Wamp\www\laravelTest\vendor\compiled.php(8944): Illuminate\Cookie\Middleware\EncryptCookies->handle()
#32 D:\Wamp\www\laravelTest\vendor\compiled.php(2478): Illuminate\Pipeline\Pipeline->Illuminate\Pipeline\{closure}()
#33 D:\Wamp\www\laravelTest\vendor\compiled.php(8944): Illuminate\Foundation\Http\Middleware\CheckForMaintenanceMode->handle()
#34 D:\Wamp\www\laravelTest\vendor\compiled.php(8935): Illuminate\Pipeline\Pipeline->Illuminate\Pipeline\{closure}()
#35 D:\Wamp\www\laravelTest\vendor\compiled.php(8935): call_user_func:{D:\Wamp\www\laravelTest\vendor\compiled.php:8935}()
#36 D:\Wamp\www\laravelTest\vendor\compiled.php(1891): Illuminate\Pipeline\Pipeline->then()
#37 D:\Wamp\www\laravelTest\vendor\compiled.php(1880): Illuminate\Foundation\Http\Kernel->sendRequestThroughRouter()
#38 D:\Wamp\www\laravelTest\public\index.php(53): Illuminate\Foundation\Http\Kernel->handle()
#39 D:\Wamp\www\laravelTest\public\index.php(0): {main}()
#40 {main}  
[2015-06-04 03:01:33] local.ERROR: exception 'Symfony\Component\Debug\Exception\FatalErrorException' with message 'syntax error, unexpected 'middlewaretest' (T_STRING)' in D:\Wamp\www\laravelTest\storage\framework\views\e8f09ba57584582a82c77b1c838e65c3:11
Stack trace:
#0 D:\Wamp\www\laravelTest\vendor\compiled.php(1743): Symfony\Component\Debug\Exception\FatalErrorException->__construct()
#1 D:\Wamp\www\laravelTest\vendor\compiled.php(1738): Illuminate\Foundation\Bootstrap\HandleExceptions->fatalExceptionFromError()
#2 D:\Wamp\www\laravelTest\vendor\compiled.php(0): Illuminate\Foundation\Bootstrap\HandleExceptions->handleShutdown()
#3 D:\Wamp\www\laravelTest\vendor\compiled.php(13683): Illuminate\View\Engines\PhpEngine->evaluatePath()
#4 D:\Wamp\www\laravelTest\vendor\compiled.php(13523): Illuminate\View\Engines\CompilerEngine->get()
#5 D:\Wamp\www\laravelTest\vendor\compiled.php(13510): Illuminate\View\View->getContents()
#6 D:\Wamp\www\laravelTest\vendor\compiled.php(13501): Illuminate\View\View->renderContents()
#7 D:\Wamp\www\laravelTest\vendor\compiled.php(14597): Illuminate\View\View->render()
#8 D:\Wamp\www\laravelTest\vendor\compiled.php(14126): Illuminate\Http\Response->setContent()
#9 D:\Wamp\www\laravelTest\vendor\compiled.php(7154): Symfony\Component\HttpFoundation\Response->__construct()
#10 D:\Wamp\www\laravelTest\vendor\compiled.php(6954): Illuminate\Routing\Router->prepareResponse()
#11 D:\Wamp\www\laravelTest\vendor\compiled.php(8952): Illuminate\Routing\Router->Illuminate\Routing\{closure}()
#12 D:\Wamp\www\laravelTest\vendor\compiled.php(8952): call_user_func:{D:\Wamp\www\laravelTest\vendor\compiled.php:8952}()
#13 D:\Wamp\www\laravelTest\vendor\compiled.php(8935): Illuminate\Pipeline\Pipeline->Illuminate\Pipeline\{closure}()
#14 D:\Wamp\www\laravelTest\vendor\compiled.php(8935): call_user_func:{D:\Wamp\www\laravelTest\vendor\compiled.php:8935}()
#15 D:\Wamp\www\laravelTest\vendor\compiled.php(6955): Illuminate\Pipeline\Pipeline->then()
#16 D:\Wamp\www\laravelTest\vendor\compiled.php(6944): Illuminate\Routing\Router->runRouteWithinStack()
#17 D:\Wamp\www\laravelTest\vendor\compiled.php(6929): Illuminate\Routing\Router->dispatchToRoute()
#18 D:\Wamp\www\laravelTest\vendor\compiled.php(1935): Illuminate\Routing\Router->dispatch()
#19 D:\Wamp\www\laravelTest\vendor\compiled.php(8952): Illuminate\Foundation\Http\Kernel->Illuminate\Foundation\Http\{closure}()
#20 D:\Wamp\www\laravelTest\vendor\compiled.php(8952): call_user_func:{D:\Wamp\www\laravelTest\vendor\compiled.php:8952}()
#21 D:\Wamp\www\laravelTest\vendor\compiled.php(2438): Illuminate\Pipeline\Pipeline->Illuminate\Pipeline\{closure}()
#22 D:\Wamp\www\laravelTest\app\Http\Middleware\VerifyCsrfToken.php(17): Illuminate\Foundation\Http\Middleware\VerifyCsrfToken->handle()
#23 D:\Wamp\www\laravelTest\vendor\compiled.php(8944): App\Http\Middleware\VerifyCsrfToken->handle()
#24 D:\Wamp\www\laravelTest\vendor\compiled.php(12083): Illuminate\Pipeline\Pipeline->Illuminate\Pipeline\{closure}()
#25 D:\Wamp\www\laravelTest\vendor\compiled.php(8944): Illuminate\View\Middleware\ShareErrorsFromSession->handle()
#26 D:\Wamp\www\laravelTest\vendor\compiled.php(10785): Illuminate\Pipeline\Pipeline->Illuminate\Pipeline\{closure}()
#27 D:\Wamp\www\laravelTest\vendor\compiled.php(8944): Illuminate\Session\Middleware\StartSession->handle()
#28 D:\Wamp\www\laravelTest\vendor\compiled.php(11789): Illuminate\Pipeline\Pipeline->Illuminate\Pipeline\{closure}()
#29 D:\Wamp\www\laravelTest\vendor\compiled.php(8944): Illuminate\Cookie\Middleware\AddQueuedCookiesToResponse->handle()
#30 D:\Wamp\www\laravelTest\vendor\compiled.php(11738): Illuminate\Pipeline\Pipeline->Illuminate\Pipeline\{closure}()
#31 D:\Wamp\www\laravelTest\vendor\compiled.php(8944): Illuminate\Cookie\Middleware\EncryptCookies->handle()
#32 D:\Wamp\www\laravelTest\vendor\compiled.php(2478): Illuminate\Pipeline\Pipeline->Illuminate\Pipeline\{closure}()
#33 D:\Wamp\www\laravelTest\vendor\compiled.php(8944): Illuminate\Foundation\Http\Middleware\CheckForMaintenanceMode->handle()
#34 D:\Wamp\www\laravelTest\vendor\compiled.php(8935): Illuminate\Pipeline\Pipeline->Illuminate\Pipeline\{closure}()
#35 D:\Wamp\www\laravelTest\vendor\compiled.php(8935): call_user_func:{D:\Wamp\www\laravelTest\vendor\compiled.php:8935}()
#36 D:\Wamp\www\laravelTest\vendor\compiled.php(1891): Illuminate\Pipeline\Pipeline->then()
#37 D:\Wamp\www\laravelTest\vendor\compiled.php(1880): Illuminate\Foundation\Http\Kernel->sendRequestThroughRouter()
#38 D:\Wamp\www\laravelTest\public\index.php(53): Illuminate\Foundation\Http\Kernel->handle()
#39 D:\Wamp\www\laravelTest\public\index.php(0): {main}()
#40 {main}  
[2015-06-04 03:01:42] local.ERROR: exception 'Symfony\Component\Debug\Exception\FatalErrorException' with message 'syntax error, unexpected 'middlewaretest' (T_STRING)' in D:\Wamp\www\laravelTest\storage\framework\views\e8f09ba57584582a82c77b1c838e65c3:11
Stack trace:
#0 D:\Wamp\www\laravelTest\vendor\compiled.php(1743): Symfony\Component\Debug\Exception\FatalErrorException->__construct()
#1 D:\Wamp\www\laravelTest\vendor\compiled.php(1738): Illuminate\Foundation\Bootstrap\HandleExceptions->fatalExceptionFromError()
#2 D:\Wamp\www\laravelTest\vendor\compiled.php(0): Illuminate\Foundation\Bootstrap\HandleExceptions->handleShutdown()
#3 D:\Wamp\www\laravelTest\vendor\compiled.php(13683): Illuminate\View\Engines\PhpEngine->evaluatePath()
#4 D:\Wamp\www\laravelTest\vendor\compiled.php(13523): Illuminate\View\Engines\CompilerEngine->get()
#5 D:\Wamp\www\laravelTest\vendor\compiled.php(13510): Illuminate\View\View->getContents()
#6 D:\Wamp\www\laravelTest\vendor\compiled.php(13501): Illuminate\View\View->renderContents()
#7 D:\Wamp\www\laravelTest\vendor\compiled.php(14597): Illuminate\View\View->render()
#8 D:\Wamp\www\laravelTest\vendor\compiled.php(14126): Illuminate\Http\Response->setContent()
#9 D:\Wamp\www\laravelTest\vendor\compiled.php(7154): Symfony\Component\HttpFoundation\Response->__construct()
#10 D:\Wamp\www\laravelTest\vendor\compiled.php(6954): Illuminate\Routing\Router->prepareResponse()
#11 D:\Wamp\www\laravelTest\vendor\compiled.php(8952): Illuminate\Routing\Router->Illuminate\Routing\{closure}()
#12 D:\Wamp\www\laravelTest\vendor\compiled.php(8952): call_user_func:{D:\Wamp\www\laravelTest\vendor\compiled.php:8952}()
#13 D:\Wamp\www\laravelTest\vendor\compiled.php(8935): Illuminate\Pipeline\Pipeline->Illuminate\Pipeline\{closure}()
#14 D:\Wamp\www\laravelTest\vendor\compiled.php(8935): call_user_func:{D:\Wamp\www\laravelTest\vendor\compiled.php:8935}()
#15 D:\Wamp\www\laravelTest\vendor\compiled.php(6955): Illuminate\Pipeline\Pipeline->then()
#16 D:\Wamp\www\laravelTest\vendor\compiled.php(6944): Illuminate\Routing\Router->runRouteWithinStack()
#17 D:\Wamp\www\laravelTest\vendor\compiled.php(6929): Illuminate\Routing\Router->dispatchToRoute()
#18 D:\Wamp\www\laravelTest\vendor\compiled.php(1935): Illuminate\Routing\Router->dispatch()
#19 D:\Wamp\www\laravelTest\vendor\compiled.php(8952): Illuminate\Foundation\Http\Kernel->Illuminate\Foundation\Http\{closure}()
#20 D:\Wamp\www\laravelTest\vendor\compiled.php(8952): call_user_func:{D:\Wamp\www\laravelTest\vendor\compiled.php:8952}()
#21 D:\Wamp\www\laravelTest\vendor\compiled.php(2438): Illuminate\Pipeline\Pipeline->Illuminate\Pipeline\{closure}()
#22 D:\Wamp\www\laravelTest\app\Http\Middleware\VerifyCsrfToken.php(17): Illuminate\Foundation\Http\Middleware\VerifyCsrfToken->handle()
#23 D:\Wamp\www\laravelTest\vendor\compiled.php(8944): App\Http\Middleware\VerifyCsrfToken->handle()
#24 D:\Wamp\www\laravelTest\vendor\compiled.php(12083): Illuminate\Pipeline\Pipeline->Illuminate\Pipeline\{closure}()
#25 D:\Wamp\www\laravelTest\vendor\compiled.php(8944): Illuminate\View\Middleware\ShareErrorsFromSession->handle()
#26 D:\Wamp\www\laravelTest\vendor\compiled.php(10785): Illuminate\Pipeline\Pipeline->Illuminate\Pipeline\{closure}()
#27 D:\Wamp\www\laravelTest\vendor\compiled.php(8944): Illuminate\Session\Middleware\StartSession->handle()
#28 D:\Wamp\www\laravelTest\vendor\compiled.php(11789): Illuminate\Pipeline\Pipeline->Illuminate\Pipeline\{closure}()
#29 D:\Wamp\www\laravelTest\vendor\compiled.php(8944): Illuminate\Cookie\Middleware\AddQueuedCookiesToResponse->handle()
#30 D:\Wamp\www\laravelTest\vendor\compiled.php(11738): Illuminate\Pipeline\Pipeline->Illuminate\Pipeline\{closure}()
#31 D:\Wamp\www\laravelTest\vendor\compiled.php(8944): Illuminate\Cookie\Middleware\EncryptCookies->handle()
#32 D:\Wamp\www\laravelTest\vendor\compiled.php(2478): Illuminate\Pipeline\Pipeline->Illuminate\Pipeline\{closure}()
#33 D:\Wamp\www\laravelTest\vendor\compiled.php(8944): Illuminate\Foundation\Http\Middleware\CheckForMaintenanceMode->handle()
#34 D:\Wamp\www\laravelTest\vendor\compiled.php(8935): Illuminate\Pipeline\Pipeline->Illuminate\Pipeline\{closure}()
#35 D:\Wamp\www\laravelTest\vendor\compiled.php(8935): call_user_func:{D:\Wamp\www\laravelTest\vendor\compiled.php:8935}()
#36 D:\Wamp\www\laravelTest\vendor\compiled.php(1891): Illuminate\Pipeline\Pipeline->then()
#37 D:\Wamp\www\laravelTest\vendor\compiled.php(1880): Illuminate\Foundation\Http\Kernel->sendRequestThroughRouter()
#38 D:\Wamp\www\laravelTest\public\index.php(53): Illuminate\Foundation\Http\Kernel->handle()
#39 D:\Wamp\www\laravelTest\public\index.php(0): {main}()
#40 {main}  
[2015-06-04 03:02:11] local.ERROR: exception 'Symfony\Component\Debug\Exception\FatalErrorException' with message 'syntax error, unexpected 'app' (T_STRING)' in D:\Wamp\www\laravelTest\storage\framework\views\e8f09ba57584582a82c77b1c838e65c3:19
Stack trace:
#0 D:\Wamp\www\laravelTest\vendor\compiled.php(1743): Symfony\Component\Debug\Exception\FatalErrorException->__construct()
#1 D:\Wamp\www\laravelTest\vendor\compiled.php(1738): Illuminate\Foundation\Bootstrap\HandleExceptions->fatalExceptionFromError()
#2 D:\Wamp\www\laravelTest\vendor\compiled.php(0): Illuminate\Foundation\Bootstrap\HandleExceptions->handleShutdown()
#3 D:\Wamp\www\laravelTest\vendor\compiled.php(13683): Illuminate\View\Engines\PhpEngine->evaluatePath()
#4 D:\Wamp\www\laravelTest\vendor\compiled.php(13523): Illuminate\View\Engines\CompilerEngine->get()
#5 D:\Wamp\www\laravelTest\vendor\compiled.php(13510): Illuminate\View\View->getContents()
#6 D:\Wamp\www\laravelTest\vendor\compiled.php(13501): Illuminate\View\View->renderContents()
#7 D:\Wamp\www\laravelTest\vendor\compiled.php(14597): Illuminate\View\View->render()
#8 D:\Wamp\www\laravelTest\vendor\compiled.php(14126): Illuminate\Http\Response->setContent()
#9 D:\Wamp\www\laravelTest\vendor\compiled.php(7154): Symfony\Component\HttpFoundation\Response->__construct()
#10 D:\Wamp\www\laravelTest\vendor\compiled.php(6954): Illuminate\Routing\Router->prepareResponse()
#11 D:\Wamp\www\laravelTest\vendor\compiled.php(8952): Illuminate\Routing\Router->Illuminate\Routing\{closure}()
#12 D:\Wamp\www\laravelTest\vendor\compiled.php(8952): call_user_func:{D:\Wamp\www\laravelTest\vendor\compiled.php:8952}()
#13 D:\Wamp\www\laravelTest\vendor\compiled.php(8935): Illuminate\Pipeline\Pipeline->Illuminate\Pipeline\{closure}()
#14 D:\Wamp\www\laravelTest\vendor\compiled.php(8935): call_user_func:{D:\Wamp\www\laravelTest\vendor\compiled.php:8935}()
#15 D:\Wamp\www\laravelTest\vendor\compiled.php(6955): Illuminate\Pipeline\Pipeline->then()
#16 D:\Wamp\www\laravelTest\vendor\compiled.php(6944): Illuminate\Routing\Router->runRouteWithinStack()
#17 D:\Wamp\www\laravelTest\vendor\compiled.php(6929): Illuminate\Routing\Router->dispatchToRoute()
#18 D:\Wamp\www\laravelTest\vendor\compiled.php(1935): Illuminate\Routing\Router->dispatch()
#19 D:\Wamp\www\laravelTest\vendor\compiled.php(8952): Illuminate\Foundation\Http\Kernel->Illuminate\Foundation\Http\{closure}()
#20 D:\Wamp\www\laravelTest\vendor\compiled.php(8952): call_user_func:{D:\Wamp\www\laravelTest\vendor\compiled.php:8952}()
#21 D:\Wamp\www\laravelTest\vendor\compiled.php(2438): Illuminate\Pipeline\Pipeline->Illuminate\Pipeline\{closure}()
#22 D:\Wamp\www\laravelTest\app\Http\Middleware\VerifyCsrfToken.php(17): Illuminate\Foundation\Http\Middleware\VerifyCsrfToken->handle()
#23 D:\Wamp\www\laravelTest\vendor\compiled.php(8944): App\Http\Middleware\VerifyCsrfToken->handle()
#24 D:\Wamp\www\laravelTest\vendor\compiled.php(12083): Illuminate\Pipeline\Pipeline->Illuminate\Pipeline\{closure}()
#25 D:\Wamp\www\laravelTest\vendor\compiled.php(8944): Illuminate\View\Middleware\ShareErrorsFromSession->handle()
#26 D:\Wamp\www\laravelTest\vendor\compiled.php(10785): Illuminate\Pipeline\Pipeline->Illuminate\Pipeline\{closure}()
#27 D:\Wamp\www\laravelTest\vendor\compiled.php(8944): Illuminate\Session\Middleware\StartSession->handle()
#28 D:\Wamp\www\laravelTest\vendor\compiled.php(11789): Illuminate\Pipeline\Pipeline->Illuminate\Pipeline\{closure}()
#29 D:\Wamp\www\laravelTest\vendor\compiled.php(8944): Illuminate\Cookie\Middleware\AddQueuedCookiesToResponse->handle()
#30 D:\Wamp\www\laravelTest\vendor\compiled.php(11738): Illuminate\Pipeline\Pipeline->Illuminate\Pipeline\{closure}()
#31 D:\Wamp\www\laravelTest\vendor\compiled.php(8944): Illuminate\Cookie\Middleware\EncryptCookies->handle()
#32 D:\Wamp\www\laravelTest\vendor\compiled.php(2478): Illuminate\Pipeline\Pipeline->Illuminate\Pipeline\{closure}()
#33 D:\Wamp\www\laravelTest\vendor\compiled.php(8944): Illuminate\Foundation\Http\Middleware\CheckForMaintenanceMode->handle()
#34 D:\Wamp\www\laravelTest\vendor\compiled.php(8935): Illuminate\Pipeline\Pipeline->Illuminate\Pipeline\{closure}()
#35 D:\Wamp\www\laravelTest\vendor\compiled.php(8935): call_user_func:{D:\Wamp\www\laravelTest\vendor\compiled.php:8935}()
#36 D:\Wamp\www\laravelTest\vendor\compiled.php(1891): Illuminate\Pipeline\Pipeline->then()
#37 D:\Wamp\www\laravelTest\vendor\compiled.php(1880): Illuminate\Foundation\Http\Kernel->sendRequestThroughRouter()
#38 D:\Wamp\www\laravelTest\public\index.php(53): Illuminate\Foundation\Http\Kernel->handle()
#39 D:\Wamp\www\laravelTest\public\index.php(0): {main}()
#40 {main}  
[2015-06-04 03:03:17] local.ERROR: exception 'Symfony\Component\Debug\Exception\FatalErrorException' with message 'syntax error, unexpected 'middlewaretest' (T_STRING)' in D:\Wamp\www\laravelTest\storage\framework\views\e8f09ba57584582a82c77b1c838e65c3:11
Stack trace:
#0 D:\Wamp\www\laravelTest\vendor\compiled.php(1743): Symfony\Component\Debug\Exception\FatalErrorException->__construct()
#1 D:\Wamp\www\laravelTest\vendor\compiled.php(1738): Illuminate\Foundation\Bootstrap\HandleExceptions->fatalExceptionFromError()
#2 D:\Wamp\www\laravelTest\vendor\compiled.php(0): Illuminate\Foundation\Bootstrap\HandleExceptions->handleShutdown()
#3 D:\Wamp\www\laravelTest\vendor\compiled.php(13683): Illuminate\View\Engines\PhpEngine->evaluatePath()
#4 D:\Wamp\www\laravelTest\vendor\compiled.php(13523): Illuminate\View\Engines\CompilerEngine->get()
#5 D:\Wamp\www\laravelTest\vendor\compiled.php(13510): Illuminate\View\View->getContents()
#6 D:\Wamp\www\laravelTest\vendor\compiled.php(13501): Illuminate\View\View->renderContents()
#7 D:\Wamp\www\laravelTest\vendor\compiled.php(14597): Illuminate\View\View->render()
#8 D:\Wamp\www\laravelTest\vendor\compiled.php(14126): Illuminate\Http\Response->setContent()
#9 D:\Wamp\www\laravelTest\vendor\compiled.php(7154): Symfony\Component\HttpFoundation\Response->__construct()
#10 D:\Wamp\www\laravelTest\vendor\compiled.php(6954): Illuminate\Routing\Router->prepareResponse()
#11 D:\Wamp\www\laravelTest\vendor\compiled.php(8952): Illuminate\Routing\Router->Illuminate\Routing\{closure}()
#12 D:\Wamp\www\laravelTest\vendor\compiled.php(8952): call_user_func:{D:\Wamp\www\laravelTest\vendor\compiled.php:8952}()
#13 D:\Wamp\www\laravelTest\vendor\compiled.php(8935): Illuminate\Pipeline\Pipeline->Illuminate\Pipeline\{closure}()
#14 D:\Wamp\www\laravelTest\vendor\compiled.php(8935): call_user_func:{D:\Wamp\www\laravelTest\vendor\compiled.php:8935}()
#15 D:\Wamp\www\laravelTest\vendor\compiled.php(6955): Illuminate\Pipeline\Pipeline->then()
#16 D:\Wamp\www\laravelTest\vendor\compiled.php(6944): Illuminate\Routing\Router->runRouteWithinStack()
#17 D:\Wamp\www\laravelTest\vendor\compiled.php(6929): Illuminate\Routing\Router->dispatchToRoute()
#18 D:\Wamp\www\laravelTest\vendor\compiled.php(1935): Illuminate\Routing\Router->dispatch()
#19 D:\Wamp\www\laravelTest\vendor\compiled.php(8952): Illuminate\Foundation\Http\Kernel->Illuminate\Foundation\Http\{closure}()
#20 D:\Wamp\www\laravelTest\vendor\compiled.php(8952): call_user_func:{D:\Wamp\www\laravelTest\vendor\compiled.php:8952}()
#21 D:\Wamp\www\laravelTest\vendor\compiled.php(2438): Illuminate\Pipeline\Pipeline->Illuminate\Pipeline\{closure}()
#22 D:\Wamp\www\laravelTest\app\Http\Middleware\VerifyCsrfToken.php(17): Illuminate\Foundation\Http\Middleware\VerifyCsrfToken->handle()
#23 D:\Wamp\www\laravelTest\vendor\compiled.php(8944): App\Http\Middleware\VerifyCsrfToken->handle()
#24 D:\Wamp\www\laravelTest\vendor\compiled.php(12083): Illuminate\Pipeline\Pipeline->Illuminate\Pipeline\{closure}()
#25 D:\Wamp\www\laravelTest\vendor\compiled.php(8944): Illuminate\View\Middleware\ShareErrorsFromSession->handle()
#26 D:\Wamp\www\laravelTest\vendor\compiled.php(10785): Illuminate\Pipeline\Pipeline->Illuminate\Pipeline\{closure}()
#27 D:\Wamp\www\laravelTest\vendor\compiled.php(8944): Illuminate\Session\Middleware\StartSession->handle()
#28 D:\Wamp\www\laravelTest\vendor\compiled.php(11789): Illuminate\Pipeline\Pipeline->Illuminate\Pipeline\{closure}()
#29 D:\Wamp\www\laravelTest\vendor\compiled.php(8944): Illuminate\Cookie\Middleware\AddQueuedCookiesToResponse->handle()
#30 D:\Wamp\www\laravelTest\vendor\compiled.php(11738): Illuminate\Pipeline\Pipeline->Illuminate\Pipeline\{closure}()
#31 D:\Wamp\www\laravelTest\vendor\compiled.php(8944): Illuminate\Cookie\Middleware\EncryptCookies->handle()
#32 D:\Wamp\www\laravelTest\vendor\compiled.php(2478): Illuminate\Pipeline\Pipeline->Illuminate\Pipeline\{closure}()
#33 D:\Wamp\www\laravelTest\vendor\compiled.php(8944): Illuminate\Foundation\Http\Middleware\CheckForMaintenanceMode->handle()
#34 D:\Wamp\www\laravelTest\vendor\compiled.php(8935): Illuminate\Pipeline\Pipeline->Illuminate\Pipeline\{closure}()
#35 D:\Wamp\www\laravelTest\vendor\compiled.php(8935): call_user_func:{D:\Wamp\www\laravelTest\vendor\compiled.php:8935}()
#36 D:\Wamp\www\laravelTest\vendor\compiled.php(1891): Illuminate\Pipeline\Pipeline->then()
#37 D:\Wamp\www\laravelTest\vendor\compiled.php(1880): Illuminate\Foundation\Http\Kernel->sendRequestThroughRouter()
#38 D:\Wamp\www\laravelTest\public\index.php(53): Illuminate\Foundation\Http\Kernel->handle()
#39 D:\Wamp\www\laravelTest\public\index.php(0): {main}()
#40 {main}  
[2015-06-04 03:04:22] local.ERROR: exception 'Symfony\Component\Debug\Exception\FatalErrorException' with message 'syntax error, unexpected 'app' (T_STRING)' in D:\Wamp\www\laravelTest\storage\framework\views\e8f09ba57584582a82c77b1c838e65c3:18
Stack trace:
#0 D:\Wamp\www\laravelTest\vendor\compiled.php(1743): Symfony\Component\Debug\Exception\FatalErrorException->__construct()
#1 D:\Wamp\www\laravelTest\vendor\compiled.php(1738): Illuminate\Foundation\Bootstrap\HandleExceptions->fatalExceptionFromError()
#2 D:\Wamp\www\laravelTest\vendor\compiled.php(0): Illuminate\Foundation\Bootstrap\HandleExceptions->handleShutdown()
#3 D:\Wamp\www\laravelTest\vendor\compiled.php(13683): Illuminate\View\Engines\PhpEngine->evaluatePath()
#4 D:\Wamp\www\laravelTest\vendor\compiled.php(13523): Illuminate\View\Engines\CompilerEngine->get()
#5 D:\Wamp\www\laravelTest\vendor\compiled.php(13510): Illuminate\View\View->getContents()
#6 D:\Wamp\www\laravelTest\vendor\compiled.php(13501): Illuminate\View\View->renderContents()
#7 D:\Wamp\www\laravelTest\vendor\compiled.php(14597): Illuminate\View\View->render()
#8 D:\Wamp\www\laravelTest\vendor\compiled.php(14126): Illuminate\Http\Response->setContent()
#9 D:\Wamp\www\laravelTest\vendor\compiled.php(7154): Symfony\Component\HttpFoundation\Response->__construct()
#10 D:\Wamp\www\laravelTest\vendor\compiled.php(6954): Illuminate\Routing\Router->prepareResponse()
#11 D:\Wamp\www\laravelTest\vendor\compiled.php(8952): Illuminate\Routing\Router->Illuminate\Routing\{closure}()
#12 D:\Wamp\www\laravelTest\vendor\compiled.php(8952): call_user_func:{D:\Wamp\www\laravelTest\vendor\compiled.php:8952}()
#13 D:\Wamp\www\laravelTest\vendor\compiled.php(8935): Illuminate\Pipeline\Pipeline->Illuminate\Pipeline\{closure}()
#14 D:\Wamp\www\laravelTest\vendor\compiled.php(8935): call_user_func:{D:\Wamp\www\laravelTest\vendor\compiled.php:8935}()
#15 D:\Wamp\www\laravelTest\vendor\compiled.php(6955): Illuminate\Pipeline\Pipeline->then()
#16 D:\Wamp\www\laravelTest\vendor\compiled.php(6944): Illuminate\Routing\Router->runRouteWithinStack()
#17 D:\Wamp\www\laravelTest\vendor\compiled.php(6929): Illuminate\Routing\Router->dispatchToRoute()
#18 D:\Wamp\www\laravelTest\vendor\compiled.php(1935): Illuminate\Routing\Router->dispatch()
#19 D:\Wamp\www\laravelTest\vendor\compiled.php(8952): Illuminate\Foundation\Http\Kernel->Illuminate\Foundation\Http\{closure}()
#20 D:\Wamp\www\laravelTest\vendor\compiled.php(8952): call_user_func:{D:\Wamp\www\laravelTest\vendor\compiled.php:8952}()
#21 D:\Wamp\www\laravelTest\vendor\compiled.php(2438): Illuminate\Pipeline\Pipeline->Illuminate\Pipeline\{closure}()
#22 D:\Wamp\www\laravelTest\app\Http\Middleware\VerifyCsrfToken.php(17): Illuminate\Foundation\Http\Middleware\VerifyCsrfToken->handle()
#23 D:\Wamp\www\laravelTest\vendor\compiled.php(8944): App\Http\Middleware\VerifyCsrfToken->handle()
#24 D:\Wamp\www\laravelTest\vendor\compiled.php(12083): Illuminate\Pipeline\Pipeline->Illuminate\Pipeline\{closure}()
#25 D:\Wamp\www\laravelTest\vendor\compiled.php(8944): Illuminate\View\Middleware\ShareErrorsFromSession->handle()
#26 D:\Wamp\www\laravelTest\vendor\compiled.php(10785): Illuminate\Pipeline\Pipeline->Illuminate\Pipeline\{closure}()
#27 D:\Wamp\www\laravelTest\vendor\compiled.php(8944): Illuminate\Session\Middleware\StartSession->handle()
#28 D:\Wamp\www\laravelTest\vendor\compiled.php(11789): Illuminate\Pipeline\Pipeline->Illuminate\Pipeline\{closure}()
#29 D:\Wamp\www\laravelTest\vendor\compiled.php(8944): Illuminate\Cookie\Middleware\AddQueuedCookiesToResponse->handle()
#30 D:\Wamp\www\laravelTest\vendor\compiled.php(11738): Illuminate\Pipeline\Pipeline->Illuminate\Pipeline\{closure}()
#31 D:\Wamp\www\laravelTest\vendor\compiled.php(8944): Illuminate\Cookie\Middleware\EncryptCookies->handle()
#32 D:\Wamp\www\laravelTest\vendor\compiled.php(2478): Illuminate\Pipeline\Pipeline->Illuminate\Pipeline\{closure}()
#33 D:\Wamp\www\laravelTest\vendor\compiled.php(8944): Illuminate\Foundation\Http\Middleware\CheckForMaintenanceMode->handle()
#34 D:\Wamp\www\laravelTest\vendor\compiled.php(8935): Illuminate\Pipeline\Pipeline->Illuminate\Pipeline\{closure}()
#35 D:\Wamp\www\laravelTest\vendor\compiled.php(8935): call_user_func:{D:\Wamp\www\laravelTest\vendor\compiled.php:8935}()
#36 D:\Wamp\www\laravelTest\vendor\compiled.php(1891): Illuminate\Pipeline\Pipeline->then()
#37 D:\Wamp\www\laravelTest\vendor\compiled.php(1880): Illuminate\Foundation\Http\Kernel->sendRequestThroughRouter()
#38 D:\Wamp\www\laravelTest\public\index.php(53): Illuminate\Foundation\Http\Kernel->handle()
#39 D:\Wamp\www\laravelTest\public\index.php(0): {main}()
#40 {main}  
[2015-06-04 03:04:34] local.ERROR: exception 'Symfony\Component\Debug\Exception\FatalErrorException' with message 'syntax error, unexpected 'app' (T_STRING)' in D:\Wamp\www\laravelTest\storage\framework\views\e8f09ba57584582a82c77b1c838e65c3:18
Stack trace:
#0 D:\Wamp\www\laravelTest\vendor\compiled.php(1743): Symfony\Component\Debug\Exception\FatalErrorException->__construct()
#1 D:\Wamp\www\laravelTest\vendor\compiled.php(1738): Illuminate\Foundation\Bootstrap\HandleExceptions->fatalExceptionFromError()
#2 D:\Wamp\www\laravelTest\vendor\compiled.php(0): Illuminate\Foundation\Bootstrap\HandleExceptions->handleShutdown()
#3 D:\Wamp\www\laravelTest\vendor\compiled.php(13683): Illuminate\View\Engines\PhpEngine->evaluatePath()
#4 D:\Wamp\www\laravelTest\vendor\compiled.php(13523): Illuminate\View\Engines\CompilerEngine->get()
#5 D:\Wamp\www\laravelTest\vendor\compiled.php(13510): Illuminate\View\View->getContents()
#6 D:\Wamp\www\laravelTest\vendor\compiled.php(13501): Illuminate\View\View->renderContents()
#7 D:\Wamp\www\laravelTest\vendor\compiled.php(14597): Illuminate\View\View->render()
#8 D:\Wamp\www\laravelTest\vendor\compiled.php(14126): Illuminate\Http\Response->setContent()
#9 D:\Wamp\www\laravelTest\vendor\compiled.php(7154): Symfony\Component\HttpFoundation\Response->__construct()
#10 D:\Wamp\www\laravelTest\vendor\compiled.php(6954): Illuminate\Routing\Router->prepareResponse()
#11 D:\Wamp\www\laravelTest\vendor\compiled.php(8952): Illuminate\Routing\Router->Illuminate\Routing\{closure}()
#12 D:\Wamp\www\laravelTest\vendor\compiled.php(8952): call_user_func:{D:\Wamp\www\laravelTest\vendor\compiled.php:8952}()
#13 D:\Wamp\www\laravelTest\vendor\compiled.php(8935): Illuminate\Pipeline\Pipeline->Illuminate\Pipeline\{closure}()
#14 D:\Wamp\www\laravelTest\vendor\compiled.php(8935): call_user_func:{D:\Wamp\www\laravelTest\vendor\compiled.php:8935}()
#15 D:\Wamp\www\laravelTest\vendor\compiled.php(6955): Illuminate\Pipeline\Pipeline->then()
#16 D:\Wamp\www\laravelTest\vendor\compiled.php(6944): Illuminate\Routing\Router->runRouteWithinStack()
#17 D:\Wamp\www\laravelTest\vendor\compiled.php(6929): Illuminate\Routing\Router->dispatchToRoute()
#18 D:\Wamp\www\laravelTest\vendor\compiled.php(1935): Illuminate\Routing\Router->dispatch()
#19 D:\Wamp\www\laravelTest\vendor\compiled.php(8952): Illuminate\Foundation\Http\Kernel->Illuminate\Foundation\Http\{closure}()
#20 D:\Wamp\www\laravelTest\vendor\compiled.php(8952): call_user_func:{D:\Wamp\www\laravelTest\vendor\compiled.php:8952}()
#21 D:\Wamp\www\laravelTest\vendor\compiled.php(2438): Illuminate\Pipeline\Pipeline->Illuminate\Pipeline\{closure}()
#22 D:\Wamp\www\laravelTest\app\Http\Middleware\VerifyCsrfToken.php(17): Illuminate\Foundation\Http\Middleware\VerifyCsrfToken->handle()
#23 D:\Wamp\www\laravelTest\vendor\compiled.php(8944): App\Http\Middleware\VerifyCsrfToken->handle()
#24 D:\Wamp\www\laravelTest\vendor\compiled.php(12083): Illuminate\Pipeline\Pipeline->Illuminate\Pipeline\{closure}()
#25 D:\Wamp\www\laravelTest\vendor\compiled.php(8944): Illuminate\View\Middleware\ShareErrorsFromSession->handle()
#26 D:\Wamp\www\laravelTest\vendor\compiled.php(10785): Illuminate\Pipeline\Pipeline->Illuminate\Pipeline\{closure}()
#27 D:\Wamp\www\laravelTest\vendor\compiled.php(8944): Illuminate\Session\Middleware\StartSession->handle()
#28 D:\Wamp\www\laravelTest\vendor\compiled.php(11789): Illuminate\Pipeline\Pipeline->Illuminate\Pipeline\{closure}()
#29 D:\Wamp\www\laravelTest\vendor\compiled.php(8944): Illuminate\Cookie\Middleware\AddQueuedCookiesToResponse->handle()
#30 D:\Wamp\www\laravelTest\vendor\compiled.php(11738): Illuminate\Pipeline\Pipeline->Illuminate\Pipeline\{closure}()
#31 D:\Wamp\www\laravelTest\vendor\compiled.php(8944): Illuminate\Cookie\Middleware\EncryptCookies->handle()
#32 D:\Wamp\www\laravelTest\vendor\compiled.php(2478): Illuminate\Pipeline\Pipeline->Illuminate\Pipeline\{closure}()
#33 D:\Wamp\www\laravelTest\vendor\compiled.php(8944): Illuminate\Foundation\Http\Middleware\CheckForMaintenanceMode->handle()
#34 D:\Wamp\www\laravelTest\vendor\compiled.php(8935): Illuminate\Pipeline\Pipeline->Illuminate\Pipeline\{closure}()
#35 D:\Wamp\www\laravelTest\vendor\compiled.php(8935): call_user_func:{D:\Wamp\www\laravelTest\vendor\compiled.php:8935}()
#36 D:\Wamp\www\laravelTest\vendor\compiled.php(1891): Illuminate\Pipeline\Pipeline->then()
#37 D:\Wamp\www\laravelTest\vendor\compiled.php(1880): Illuminate\Foundation\Http\Kernel->sendRequestThroughRouter()
#38 D:\Wamp\www\laravelTest\public\index.php(53): Illuminate\Foundation\Http\Kernel->handle()
#39 D:\Wamp\www\laravelTest\public\index.php(0): {main}()
#40 {main}  
[2015-06-04 03:04:35] local.ERROR: exception 'Symfony\Component\Debug\Exception\FatalErrorException' with message 'syntax error, unexpected 'app' (T_STRING)' in D:\Wamp\www\laravelTest\storage\framework\views\e8f09ba57584582a82c77b1c838e65c3:18
Stack trace:
#0 D:\Wamp\www\laravelTest\vendor\compiled.php(1743): Symfony\Component\Debug\Exception\FatalErrorException->__construct()
#1 D:\Wamp\www\laravelTest\vendor\compiled.php(1738): Illuminate\Foundation\Bootstrap\HandleExceptions->fatalExceptionFromError()
#2 D:\Wamp\www\laravelTest\vendor\compiled.php(0): Illuminate\Foundation\Bootstrap\HandleExceptions->handleShutdown()
#3 D:\Wamp\www\laravelTest\vendor\compiled.php(13683): Illuminate\View\Engines\PhpEngine->evaluatePath()
#4 D:\Wamp\www\laravelTest\vendor\compiled.php(13523): Illuminate\View\Engines\CompilerEngine->get()
#5 D:\Wamp\www\laravelTest\vendor\compiled.php(13510): Illuminate\View\View->getContents()
#6 D:\Wamp\www\laravelTest\vendor\compiled.php(13501): Illuminate\View\View->renderContents()
#7 D:\Wamp\www\laravelTest\vendor\compiled.php(14597): Illuminate\View\View->render()
#8 D:\Wamp\www\laravelTest\vendor\compiled.php(14126): Illuminate\Http\Response->setContent()
#9 D:\Wamp\www\laravelTest\vendor\compiled.php(7154): Symfony\Component\HttpFoundation\Response->__construct()
#10 D:\Wamp\www\laravelTest\vendor\compiled.php(6954): Illuminate\Routing\Router->prepareResponse()
#11 D:\Wamp\www\laravelTest\vendor\compiled.php(8952): Illuminate\Routing\Router->Illuminate\Routing\{closure}()
#12 D:\Wamp\www\laravelTest\vendor\compiled.php(8952): call_user_func:{D:\Wamp\www\laravelTest\vendor\compiled.php:8952}()
#13 D:\Wamp\www\laravelTest\vendor\compiled.php(8935): Illuminate\Pipeline\Pipeline->Illuminate\Pipeline\{closure}()
#14 D:\Wamp\www\laravelTest\vendor\compiled.php(8935): call_user_func:{D:\Wamp\www\laravelTest\vendor\compiled.php:8935}()
#15 D:\Wamp\www\laravelTest\vendor\compiled.php(6955): Illuminate\Pipeline\Pipeline->then()
#16 D:\Wamp\www\laravelTest\vendor\compiled.php(6944): Illuminate\Routing\Router->runRouteWithinStack()
#17 D:\Wamp\www\laravelTest\vendor\compiled.php(6929): Illuminate\Routing\Router->dispatchToRoute()
#18 D:\Wamp\www\laravelTest\vendor\compiled.php(1935): Illuminate\Routing\Router->dispatch()
#19 D:\Wamp\www\laravelTest\vendor\compiled.php(8952): Illuminate\Foundation\Http\Kernel->Illuminate\Foundation\Http\{closure}()
#20 D:\Wamp\www\laravelTest\vendor\compiled.php(8952): call_user_func:{D:\Wamp\www\laravelTest\vendor\compiled.php:8952}()
#21 D:\Wamp\www\laravelTest\vendor\compiled.php(2438): Illuminate\Pipeline\Pipeline->Illuminate\Pipeline\{closure}()
#22 D:\Wamp\www\laravelTest\app\Http\Middleware\VerifyCsrfToken.php(17): Illuminate\Foundation\Http\Middleware\VerifyCsrfToken->handle()
#23 D:\Wamp\www\laravelTest\vendor\compiled.php(8944): App\Http\Middleware\VerifyCsrfToken->handle()
#24 D:\Wamp\www\laravelTest\vendor\compiled.php(12083): Illuminate\Pipeline\Pipeline->Illuminate\Pipeline\{closure}()
#25 D:\Wamp\www\laravelTest\vendor\compiled.php(8944): Illuminate\View\Middleware\ShareErrorsFromSession->handle()
#26 D:\Wamp\www\laravelTest\vendor\compiled.php(10785): Illuminate\Pipeline\Pipeline->Illuminate\Pipeline\{closure}()
#27 D:\Wamp\www\laravelTest\vendor\compiled.php(8944): Illuminate\Session\Middleware\StartSession->handle()
#28 D:\Wamp\www\laravelTest\vendor\compiled.php(11789): Illuminate\Pipeline\Pipeline->Illuminate\Pipeline\{closure}()
#29 D:\Wamp\www\laravelTest\vendor\compiled.php(8944): Illuminate\Cookie\Middleware\AddQueuedCookiesToResponse->handle()
#30 D:\Wamp\www\laravelTest\vendor\compiled.php(11738): Illuminate\Pipeline\Pipeline->Illuminate\Pipeline\{closure}()
#31 D:\Wamp\www\laravelTest\vendor\compiled.php(8944): Illuminate\Cookie\Middleware\EncryptCookies->handle()
#32 D:\Wamp\www\laravelTest\vendor\compiled.php(2478): Illuminate\Pipeline\Pipeline->Illuminate\Pipeline\{closure}()
#33 D:\Wamp\www\laravelTest\vendor\compiled.php(8944): Illuminate\Foundation\Http\Middleware\CheckForMaintenanceMode->handle()
#34 D:\Wamp\www\laravelTest\vendor\compiled.php(8935): Illuminate\Pipeline\Pipeline->Illuminate\Pipeline\{closure}()
#35 D:\Wamp\www\laravelTest\vendor\compiled.php(8935): call_user_func:{D:\Wamp\www\laravelTest\vendor\compiled.php:8935}()
#36 D:\Wamp\www\laravelTest\vendor\compiled.php(1891): Illuminate\Pipeline\Pipeline->then()
#37 D:\Wamp\www\laravelTest\vendor\compiled.php(1880): Illuminate\Foundation\Http\Kernel->sendRequestThroughRouter()
#38 D:\Wamp\www\laravelTest\public\index.php(53): Illuminate\Foundation\Http\Kernel->handle()
#39 D:\Wamp\www\laravelTest\public\index.php(0): {main}()
#40 {main}  
[2015-06-04 03:06:42] local.ERROR: exception 'ReflectionException' with message 'Class age does not exist' in D:\Wamp\www\laravelTest\vendor\compiled.php:1029
Stack trace:
#0 D:\Wamp\www\laravelTest\vendor\compiled.php(1029): ReflectionClass->__construct('age')
#1 D:\Wamp\www\laravelTest\vendor\compiled.php(980): Illuminate\Container\Container->build('age', Array)
#2 D:\Wamp\www\laravelTest\vendor\compiled.php(1493): Illuminate\Container\Container->make('age', Array)
#3 D:\Wamp\www\laravelTest\vendor\compiled.php(8944): Illuminate\Foundation\Application->make('age')
#4 [internal function]: Illuminate\Pipeline\Pipeline->Illuminate\Pipeline\{closure}(Object(Illuminate\Http\Request))
#5 D:\Wamp\www\laravelTest\vendor\compiled.php(8935): call_user_func(Object(Closure), Object(Illuminate\Http\Request))
#6 D:\Wamp\www\laravelTest\vendor\compiled.php(6955): Illuminate\Pipeline\Pipeline->then(Object(Closure))
#7 D:\Wamp\www\laravelTest\vendor\compiled.php(6944): Illuminate\Routing\Router->runRouteWithinStack(Object(Illuminate\Routing\Route), Object(Illuminate\Http\Request))
#8 D:\Wamp\www\laravelTest\vendor\compiled.php(6929): Illuminate\Routing\Router->dispatchToRoute(Object(Illuminate\Http\Request))
#9 D:\Wamp\www\laravelTest\vendor\compiled.php(1935): Illuminate\Routing\Router->dispatch(Object(Illuminate\Http\Request))
#10 [internal function]: Illuminate\Foundation\Http\Kernel->Illuminate\Foundation\Http\{closure}(Object(Illuminate\Http\Request))
#11 D:\Wamp\www\laravelTest\vendor\compiled.php(8952): call_user_func(Object(Closure), Object(Illuminate\Http\Request))
#12 D:\Wamp\www\laravelTest\vendor\compiled.php(2438): Illuminate\Pipeline\Pipeline->Illuminate\Pipeline\{closure}(Object(Illuminate\Http\Request))
#13 D:\Wamp\www\laravelTest\app\Http\Middleware\VerifyCsrfToken.php(17): Illuminate\Foundation\Http\Middleware\VerifyCsrfToken->handle(Object(Illuminate\Http\Request), Object(Closure))
#14 D:\Wamp\www\laravelTest\vendor\compiled.php(8944): App\Http\Middleware\VerifyCsrfToken->handle(Object(Illuminate\Http\Request), Object(Closure))
#15 D:\Wamp\www\laravelTest\vendor\compiled.php(12083): Illuminate\Pipeline\Pipeline->Illuminate\Pipeline\{closure}(Object(Illuminate\Http\Request))
#16 D:\Wamp\www\laravelTest\vendor\compiled.php(8944): Illuminate\View\Middleware\ShareErrorsFromSession->handle(Object(Illuminate\Http\Request), Object(Closure))
#17 D:\Wamp\www\laravelTest\vendor\compiled.php(10785): Illuminate\Pipeline\Pipeline->Illuminate\Pipeline\{closure}(Object(Illuminate\Http\Request))
#18 D:\Wamp\www\laravelTest\vendor\compiled.php(8944): Illuminate\Session\Middleware\StartSession->handle(Object(Illuminate\Http\Request), Object(Closure))
#19 D:\Wamp\www\laravelTest\vendor\compiled.php(11789): Illuminate\Pipeline\Pipeline->Illuminate\Pipeline\{closure}(Object(Illuminate\Http\Request))
#20 D:\Wamp\www\laravelTest\vendor\compiled.php(8944): Illuminate\Cookie\Middleware\AddQueuedCookiesToResponse->handle(Object(Illuminate\Http\Request), Object(Closure))
#21 D:\Wamp\www\laravelTest\vendor\compiled.php(11738): Illuminate\Pipeline\Pipeline->Illuminate\Pipeline\{closure}(Object(Illuminate\Http\Request))
#22 D:\Wamp\www\laravelTest\vendor\compiled.php(8944): Illuminate\Cookie\Middleware\EncryptCookies->handle(Object(Illuminate\Http\Request), Object(Closure))
#23 D:\Wamp\www\laravelTest\vendor\compiled.php(2478): Illuminate\Pipeline\Pipeline->Illuminate\Pipeline\{closure}(Object(Illuminate\Http\Request))
#24 D:\Wamp\www\laravelTest\vendor\compiled.php(8944): Illuminate\Foundation\Http\Middleware\CheckForMaintenanceMode->handle(Object(Illuminate\Http\Request), Object(Closure))
#25 [internal function]: Illuminate\Pipeline\Pipeline->Illuminate\Pipeline\{closure}(Object(Illuminate\Http\Request))
#26 D:\Wamp\www\laravelTest\vendor\compiled.php(8935): call_user_func(Object(Closure), Object(Illuminate\Http\Request))
#27 D:\Wamp\www\laravelTest\vendor\compiled.php(1891): Illuminate\Pipeline\Pipeline->then(Object(Closure))
#28 D:\Wamp\www\laravelTest\vendor\compiled.php(1880): Illuminate\Foundation\Http\Kernel->sendRequestThroughRouter(Object(Illuminate\Http\Request))
#29 D:\Wamp\www\laravelTest\public\index.php(53): Illuminate\Foundation\Http\Kernel->handle(Object(Illuminate\Http\Request))
#30 {main}  
[2015-06-04 03:06:42] local.ERROR: exception 'ReflectionException' with message 'Class age does not exist' in D:\Wamp\www\laravelTest\vendor\compiled.php:1029
Stack trace:
#0 D:\Wamp\www\laravelTest\vendor\compiled.php(1029): ReflectionClass->__construct('age')
#1 D:\Wamp\www\laravelTest\vendor\compiled.php(980): Illuminate\Container\Container->build('age', Array)
#2 D:\Wamp\www\laravelTest\vendor\compiled.php(1493): Illuminate\Container\Container->make('age', Array)
#3 D:\Wamp\www\laravelTest\vendor\compiled.php(1897): Illuminate\Foundation\Application->make('age')
#4 D:\Wamp\www\laravelTest\public\index.php(57): Illuminate\Foundation\Http\Kernel->terminate(Object(Illuminate\Http\Request), Object(Symfony\Component\HttpFoundation\Response))
#5 {main}  
[2015-06-04 03:06:47] local.ERROR: exception 'ReflectionException' with message 'Class age does not exist' in D:\Wamp\www\laravelTest\vendor\compiled.php:1029
Stack trace:
#0 D:\Wamp\www\laravelTest\vendor\compiled.php(1029): ReflectionClass->__construct('age')
#1 D:\Wamp\www\laravelTest\vendor\compiled.php(980): Illuminate\Container\Container->build('age', Array)
#2 D:\Wamp\www\laravelTest\vendor\compiled.php(1493): Illuminate\Container\Container->make('age', Array)
#3 D:\Wamp\www\laravelTest\vendor\compiled.php(8944): Illuminate\Foundation\Application->make('age')
#4 [internal function]: Illuminate\Pipeline\Pipeline->Illuminate\Pipeline\{closure}(Object(Illuminate\Http\Request))
#5 D:\Wamp\www\laravelTest\vendor\compiled.php(8935): call_user_func(Object(Closure), Object(Illuminate\Http\Request))
#6 D:\Wamp\www\laravelTest\vendor\compiled.php(6955): Illuminate\Pipeline\Pipeline->then(Object(Closure))
#7 D:\Wamp\www\laravelTest\vendor\compiled.php(6944): Illuminate\Routing\Router->runRouteWithinStack(Object(Illuminate\Routing\Route), Object(Illuminate\Http\Request))
#8 D:\Wamp\www\laravelTest\vendor\compiled.php(6929): Illuminate\Routing\Router->dispatchToRoute(Object(Illuminate\Http\Request))
#9 D:\Wamp\www\laravelTest\vendor\compiled.php(1935): Illuminate\Routing\Router->dispatch(Object(Illuminate\Http\Request))
#10 [internal function]: Illuminate\Foundation\Http\Kernel->Illuminate\Foundation\Http\{closure}(Object(Illuminate\Http\Request))
#11 D:\Wamp\www\laravelTest\vendor\compiled.php(8952): call_user_func(Object(Closure), Object(Illuminate\Http\Request))
#12 D:\Wamp\www\laravelTest\vendor\compiled.php(2438): Illuminate\Pipeline\Pipeline->Illuminate\Pipeline\{closure}(Object(Illuminate\Http\Request))
#13 D:\Wamp\www\laravelTest\app\Http\Middleware\VerifyCsrfToken.php(17): Illuminate\Foundation\Http\Middleware\VerifyCsrfToken->handle(Object(Illuminate\Http\Request), Object(Closure))
#14 D:\Wamp\www\laravelTest\vendor\compiled.php(8944): App\Http\Middleware\VerifyCsrfToken->handle(Object(Illuminate\Http\Request), Object(Closure))
#15 D:\Wamp\www\laravelTest\vendor\compiled.php(12083): Illuminate\Pipeline\Pipeline->Illuminate\Pipeline\{closure}(Object(Illuminate\Http\Request))
#16 D:\Wamp\www\laravelTest\vendor\compiled.php(8944): Illuminate\View\Middleware\ShareErrorsFromSession->handle(Object(Illuminate\Http\Request), Object(Closure))
#17 D:\Wamp\www\laravelTest\vendor\compiled.php(10785): Illuminate\Pipeline\Pipeline->Illuminate\Pipeline\{closure}(Object(Illuminate\Http\Request))
#18 D:\Wamp\www\laravelTest\vendor\compiled.php(8944): Illuminate\Session\Middleware\StartSession->handle(Object(Illuminate\Http\Request), Object(Closure))
#19 D:\Wamp\www\laravelTest\vendor\compiled.php(11789): Illuminate\Pipeline\Pipeline->Illuminate\Pipeline\{closure}(Object(Illuminate\Http\Request))
#20 D:\Wamp\www\laravelTest\vendor\compiled.php(8944): Illuminate\Cookie\Middleware\AddQueuedCookiesToResponse->handle(Object(Illuminate\Http\Request), Object(Closure))
#21 D:\Wamp\www\laravelTest\vendor\compiled.php(11738): Illuminate\Pipeline\Pipeline->Illuminate\Pipeline\{closure}(Object(Illuminate\Http\Request))
#22 D:\Wamp\www\laravelTest\vendor\compiled.php(8944): Illuminate\Cookie\Middleware\EncryptCookies->handle(Object(Illuminate\Http\Request), Object(Closure))
#23 D:\Wamp\www\laravelTest\vendor\compiled.php(2478): Illuminate\Pipeline\Pipeline->Illuminate\Pipeline\{closure}(Object(Illuminate\Http\Request))
#24 D:\Wamp\www\laravelTest\vendor\compiled.php(8944): Illuminate\Foundation\Http\Middleware\CheckForMaintenanceMode->handle(Object(Illuminate\Http\Request), Object(Closure))
#25 [internal function]: Illuminate\Pipeline\Pipeline->Illuminate\Pipeline\{closure}(Object(Illuminate\Http\Request))
#26 D:\Wamp\www\laravelTest\vendor\compiled.php(8935): call_user_func(Object(Closure), Object(Illuminate\Http\Request))
#27 D:\Wamp\www\laravelTest\vendor\compiled.php(1891): Illuminate\Pipeline\Pipeline->then(Object(Closure))
#28 D:\Wamp\www\laravelTest\vendor\compiled.php(1880): Illuminate\Foundation\Http\Kernel->sendRequestThroughRouter(Object(Illuminate\Http\Request))
#29 D:\Wamp\www\laravelTest\public\index.php(53): Illuminate\Foundation\Http\Kernel->handle(Object(Illuminate\Http\Request))
#30 {main}  
[2015-06-04 03:06:47] local.ERROR: exception 'ReflectionException' with message 'Class age does not exist' in D:\Wamp\www\laravelTest\vendor\compiled.php:1029
Stack trace:
#0 D:\Wamp\www\laravelTest\vendor\compiled.php(1029): ReflectionClass->__construct('age')
#1 D:\Wamp\www\laravelTest\vendor\compiled.php(980): Illuminate\Container\Container->build('age', Array)
#2 D:\Wamp\www\laravelTest\vendor\compiled.php(1493): Illuminate\Container\Container->make('age', Array)
#3 D:\Wamp\www\laravelTest\vendor\compiled.php(1897): Illuminate\Foundation\Application->make('age')
#4 D:\Wamp\www\laravelTest\public\index.php(57): Illuminate\Foundation\Http\Kernel->terminate(Object(Illuminate\Http\Request), Object(Symfony\Component\HttpFoundation\Response))
#5 {main}  
[2015-06-04 03:06:47] local.ERROR: exception 'ReflectionException' with message 'Class age does not exist' in D:\Wamp\www\laravelTest\vendor\compiled.php:1029
Stack trace:
#0 D:\Wamp\www\laravelTest\vendor\compiled.php(1029): ReflectionClass->__construct('age')
#1 D:\Wamp\www\laravelTest\vendor\compiled.php(980): Illuminate\Container\Container->build('age', Array)
#2 D:\Wamp\www\laravelTest\vendor\compiled.php(1493): Illuminate\Container\Container->make('age', Array)
#3 D:\Wamp\www\laravelTest\vendor\compiled.php(8944): Illuminate\Foundation\Application->make('age')
#4 [internal function]: Illuminate\Pipeline\Pipeline->Illuminate\Pipeline\{closure}(Object(Illuminate\Http\Request))
#5 D:\Wamp\www\laravelTest\vendor\compiled.php(8935): call_user_func(Object(Closure), Object(Illuminate\Http\Request))
#6 D:\Wamp\www\laravelTest\vendor\compiled.php(6955): Illuminate\Pipeline\Pipeline->then(Object(Closure))
#7 D:\Wamp\www\laravelTest\vendor\compiled.php(6944): Illuminate\Routing\Router->runRouteWithinStack(Object(Illuminate\Routing\Route), Object(Illuminate\Http\Request))
#8 D:\Wamp\www\laravelTest\vendor\compiled.php(6929): Illuminate\Routing\Router->dispatchToRoute(Object(Illuminate\Http\Request))
#9 D:\Wamp\www\laravelTest\vendor\compiled.php(1935): Illuminate\Routing\Router->dispatch(Object(Illuminate\Http\Request))
#10 [internal function]: Illuminate\Foundation\Http\Kernel->Illuminate\Foundation\Http\{closure}(Object(Illuminate\Http\Request))
#11 D:\Wamp\www\laravelTest\vendor\compiled.php(8952): call_user_func(Object(Closure), Object(Illuminate\Http\Request))
#12 D:\Wamp\www\laravelTest\vendor\compiled.php(2438): Illuminate\Pipeline\Pipeline->Illuminate\Pipeline\{closure}(Object(Illuminate\Http\Request))
#13 D:\Wamp\www\laravelTest\app\Http\Middleware\VerifyCsrfToken.php(17): Illuminate\Foundation\Http\Middleware\VerifyCsrfToken->handle(Object(Illuminate\Http\Request), Object(Closure))
#14 D:\Wamp\www\laravelTest\vendor\compiled.php(8944): App\Http\Middleware\VerifyCsrfToken->handle(Object(Illuminate\Http\Request), Object(Closure))
#15 D:\Wamp\www\laravelTest\vendor\compiled.php(12083): Illuminate\Pipeline\Pipeline->Illuminate\Pipeline\{closure}(Object(Illuminate\Http\Request))
#16 D:\Wamp\www\laravelTest\vendor\compiled.php(8944): Illuminate\View\Middleware\ShareErrorsFromSession->handle(Object(Illuminate\Http\Request), Object(Closure))
#17 D:\Wamp\www\laravelTest\vendor\compiled.php(10785): Illuminate\Pipeline\Pipeline->Illuminate\Pipeline\{closure}(Object(Illuminate\Http\Request))
#18 D:\Wamp\www\laravelTest\vendor\compiled.php(8944): Illuminate\Session\Middleware\StartSession->handle(Object(Illuminate\Http\Request), Object(Closure))
#19 D:\Wamp\www\laravelTest\vendor\compiled.php(11789): Illuminate\Pipeline\Pipeline->Illuminate\Pipeline\{closure}(Object(Illuminate\Http\Request))
#20 D:\Wamp\www\laravelTest\vendor\compiled.php(8944): Illuminate\Cookie\Middleware\AddQueuedCookiesToResponse->handle(Object(Illuminate\Http\Request), Object(Closure))
#21 D:\Wamp\www\laravelTest\vendor\compiled.php(11738): Illuminate\Pipeline\Pipeline->Illuminate\Pipeline\{closure}(Object(Illuminate\Http\Request))
#22 D:\Wamp\www\laravelTest\vendor\compiled.php(8944): Illuminate\Cookie\Middleware\EncryptCookies->handle(Object(Illuminate\Http\Request), Object(Closure))
#23 D:\Wamp\www\laravelTest\vendor\compiled.php(2478): Illuminate\Pipeline\Pipeline->Illuminate\Pipeline\{closure}(Object(Illuminate\Http\Request))
#24 D:\Wamp\www\laravelTest\vendor\compiled.php(8944): Illuminate\Foundation\Http\Middleware\CheckForMaintenanceMode->handle(Object(Illuminate\Http\Request), Object(Closure))
#25 [internal function]: Illuminate\Pipeline\Pipeline->Illuminate\Pipeline\{closure}(Object(Illuminate\Http\Request))
#26 D:\Wamp\www\laravelTest\vendor\compiled.php(8935): call_user_func(Object(Closure), Object(Illuminate\Http\Request))
#27 D:\Wamp\www\laravelTest\vendor\compiled.php(1891): Illuminate\Pipeline\Pipeline->then(Object(Closure))
#28 D:\Wamp\www\laravelTest\vendor\compiled.php(1880): Illuminate\Foundation\Http\Kernel->sendRequestThroughRouter(Object(Illuminate\Http\Request))
#29 D:\Wamp\www\laravelTest\public\index.php(53): Illuminate\Foundation\Http\Kernel->handle(Object(Illuminate\Http\Request))
#30 {main}  
[2015-06-04 03:06:47] local.ERROR: exception 'ReflectionException' with message 'Class age does not exist' in D:\Wamp\www\laravelTest\vendor\compiled.php:1029
Stack trace:
#0 D:\Wamp\www\laravelTest\vendor\compiled.php(1029): ReflectionClass->__construct('age')
#1 D:\Wamp\www\laravelTest\vendor\compiled.php(980): Illuminate\Container\Container->build('age', Array)
#2 D:\Wamp\www\laravelTest\vendor\compiled.php(1493): Illuminate\Container\Container->make('age', Array)
#3 D:\Wamp\www\laravelTest\vendor\compiled.php(1897): Illuminate\Foundation\Application->make('age')
#4 D:\Wamp\www\laravelTest\public\index.php(57): Illuminate\Foundation\Http\Kernel->terminate(Object(Illuminate\Http\Request), Object(Symfony\Component\HttpFoundation\Response))
#5 {main}  
[2015-06-04 03:06:48] local.ERROR: exception 'ReflectionException' with message 'Class age does not exist' in D:\Wamp\www\laravelTest\vendor\compiled.php:1029
Stack trace:
#0 D:\Wamp\www\laravelTest\vendor\compiled.php(1029): ReflectionClass->__construct('age')
#1 D:\Wamp\www\laravelTest\vendor\compiled.php(980): Illuminate\Container\Container->build('age', Array)
#2 D:\Wamp\www\laravelTest\vendor\compiled.php(1493): Illuminate\Container\Container->make('age', Array)
#3 D:\Wamp\www\laravelTest\vendor\compiled.php(8944): Illuminate\Foundation\Application->make('age')
#4 [internal function]: Illuminate\Pipeline\Pipeline->Illuminate\Pipeline\{closure}(Object(Illuminate\Http\Request))
#5 D:\Wamp\www\laravelTest\vendor\compiled.php(8935): call_user_func(Object(Closure), Object(Illuminate\Http\Request))
#6 D:\Wamp\www\laravelTest\vendor\compiled.php(6955): Illuminate\Pipeline\Pipeline->then(Object(Closure))
#7 D:\Wamp\www\laravelTest\vendor\compiled.php(6944): Illuminate\Routing\Router->runRouteWithinStack(Object(Illuminate\Routing\Route), Object(Illuminate\Http\Request))
#8 D:\Wamp\www\laravelTest\vendor\compiled.php(6929): Illuminate\Routing\Router->dispatchToRoute(Object(Illuminate\Http\Request))
#9 D:\Wamp\www\laravelTest\vendor\compiled.php(1935): Illuminate\Routing\Router->dispatch(Object(Illuminate\Http\Request))
#10 [internal function]: Illuminate\Foundation\Http\Kernel->Illuminate\Foundation\Http\{closure}(Object(Illuminate\Http\Request))
#11 D:\Wamp\www\laravelTest\vendor\compiled.php(8952): call_user_func(Object(Closure), Object(Illuminate\Http\Request))
#12 D:\Wamp\www\laravelTest\vendor\compiled.php(2438): Illuminate\Pipeline\Pipeline->Illuminate\Pipeline\{closure}(Object(Illuminate\Http\Request))
#13 D:\Wamp\www\laravelTest\app\Http\Middleware\VerifyCsrfToken.php(17): Illuminate\Foundation\Http\Middleware\VerifyCsrfToken->handle(Object(Illuminate\Http\Request), Object(Closure))
#14 D:\Wamp\www\laravelTest\vendor\compiled.php(8944): App\Http\Middleware\VerifyCsrfToken->handle(Object(Illuminate\Http\Request), Object(Closure))
#15 D:\Wamp\www\laravelTest\vendor\compiled.php(12083): Illuminate\Pipeline\Pipeline->Illuminate\Pipeline\{closure}(Object(Illuminate\Http\Request))
#16 D:\Wamp\www\laravelTest\vendor\compiled.php(8944): Illuminate\View\Middleware\ShareErrorsFromSession->handle(Object(Illuminate\Http\Request), Object(Closure))
#17 D:\Wamp\www\laravelTest\vendor\compiled.php(10785): Illuminate\Pipeline\Pipeline->Illuminate\Pipeline\{closure}(Object(Illuminate\Http\Request))
#18 D:\Wamp\www\laravelTest\vendor\compiled.php(8944): Illuminate\Session\Middleware\StartSession->handle(Object(Illuminate\Http\Request), Object(Closure))
#19 D:\Wamp\www\laravelTest\vendor\compiled.php(11789): Illuminate\Pipeline\Pipeline->Illuminate\Pipeline\{closure}(Object(Illuminate\Http\Request))
#20 D:\Wamp\www\laravelTest\vendor\compiled.php(8944): Illuminate\Cookie\Middleware\AddQueuedCookiesToResponse->handle(Object(Illuminate\Http\Request), Object(Closure))
#21 D:\Wamp\www\laravelTest\vendor\compiled.php(11738): Illuminate\Pipeline\Pipeline->Illuminate\Pipeline\{closure}(Object(Illuminate\Http\Request))
#22 D:\Wamp\www\laravelTest\vendor\compiled.php(8944): Illuminate\Cookie\Middleware\EncryptCookies->handle(Object(Illuminate\Http\Request), Object(Closure))
#23 D:\Wamp\www\laravelTest\vendor\compiled.php(2478): Illuminate\Pipeline\Pipeline->Illuminate\Pipeline\{closure}(Object(Illuminate\Http\Request))
#24 D:\Wamp\www\laravelTest\vendor\compiled.php(8944): Illuminate\Foundation\Http\Middleware\CheckForMaintenanceMode->handle(Object(Illuminate\Http\Request), Object(Closure))
#25 [internal function]: Illuminate\Pipeline\Pipeline->Illuminate\Pipeline\{closure}(Object(Illuminate\Http\Request))
#26 D:\Wamp\www\laravelTest\vendor\compiled.php(8935): call_user_func(Object(Closure), Object(Illuminate\Http\Request))
#27 D:\Wamp\www\laravelTest\vendor\compiled.php(1891): Illuminate\Pipeline\Pipeline->then(Object(Closure))
#28 D:\Wamp\www\laravelTest\vendor\compiled.php(1880): Illuminate\Foundation\Http\Kernel->sendRequestThroughRouter(Object(Illuminate\Http\Request))
#29 D:\Wamp\www\laravelTest\public\index.php(53): Illuminate\Foundation\Http\Kernel->handle(Object(Illuminate\Http\Request))
#30 {main}  
[2015-06-04 03:06:48] local.ERROR: exception 'ReflectionException' with message 'Class age does not exist' in D:\Wamp\www\laravelTest\vendor\compiled.php:1029
Stack trace:
#0 D:\Wamp\www\laravelTest\vendor\compiled.php(1029): ReflectionClass->__construct('age')
#1 D:\Wamp\www\laravelTest\vendor\compiled.php(980): Illuminate\Container\Container->build('age', Array)
#2 D:\Wamp\www\laravelTest\vendor\compiled.php(1493): Illuminate\Container\Container->make('age', Array)
#3 D:\Wamp\www\laravelTest\vendor\compiled.php(1897): Illuminate\Foundation\Application->make('age')
#4 D:\Wamp\www\laravelTest\public\index.php(57): Illuminate\Foundation\Http\Kernel->terminate(Object(Illuminate\Http\Request), Object(Symfony\Component\HttpFoundation\Response))
#5 {main}  
