[2015-05-12 01:46:42] local.ERROR: exception 'ErrorException' with message 'Object of class PDO could not be converted to string' in D:\Wamp\www\laravelTest\storage\framework\views\a6d52bf76d63dac108f4fb0ac6f0c896:45
Stack trace:
#0 D:\Wamp\www\laravelTest\storage\framework\views\a6d52bf76d63dac108f4fb0ac6f0c896(45): Illuminate\Foundation\Bootstrap\HandleExceptions->handleError(4096, 'Object of class...', 'D:\\Wamp\\www\\lar...', 45, Array)
#1 D:\Wamp\www\laravelTest\vendor\compiled.php(13650): include('D:\\Wamp\\www\\lar...')
#2 D:\Wamp\www\laravelTest\vendor\compiled.php(13683): Illuminate\View\Engines\PhpEngine->evaluatePath('D:\\Wamp\\www\\lar...', Array)
#3 D:\Wamp\www\laravelTest\vendor\compiled.php(13523): Illuminate\View\Engines\CompilerEngine->get('D:\\Wamp\\www\\lar...', Array)
#4 D:\Wamp\www\laravelTest\vendor\compiled.php(13510): Illuminate\View\View->getContents()
#5 D:\Wamp\www\laravelTest\vendor\compiled.php(13501): Illuminate\View\View->renderContents()
#6 D:\Wamp\www\laravelTest\vendor\compiled.php(14597): Illuminate\View\View->render()
#7 D:\Wamp\www\laravelTest\vendor\compiled.php(14126): Illuminate\Http\Response->setContent(Object(Illuminate\View\View))
#8 D:\Wamp\www\laravelTest\vendor\compiled.php(7154): Symfony\Component\HttpFoundation\Response->__construct(Object(Illuminate\View\View))
#9 D:\Wamp\www\laravelTest\vendor\compiled.php(6954): Illuminate\Routing\Router->prepareResponse(Object(Illuminate\Http\Request), Object(Illuminate\View\View))
#10 [internal function]: Illuminate\Routing\Router->Illuminate\Routing\{closure}(Object(Illuminate\Http\Request))
#11 D:\Wamp\www\laravelTest\vendor\compiled.php(8952): call_user_func(Object(Closure), Object(Illuminate\Http\Request))
#12 [internal function]: Illuminate\Pipeline\Pipeline->Illuminate\Pipeline\{closure}(Object(Illuminate\Http\Request))
#13 D:\Wamp\www\laravelTest\vendor\compiled.php(8935): call_user_func(Object(Closure), Object(Illuminate\Http\Request))
#14 D:\Wamp\www\laravelTest\vendor\compiled.php(6955): Illuminate\Pipeline\Pipeline->then(Object(Closure))
#15 D:\Wamp\www\laravelTest\vendor\compiled.php(6944): Illuminate\Routing\Router->runRouteWithinStack(Object(Illuminate\Routing\Route), Object(Illuminate\Http\Request))
#16 D:\Wamp\www\laravelTest\vendor\compiled.php(6929): Illuminate\Routing\Router->dispatchToRoute(Object(Illuminate\Http\Request))
#17 D:\Wamp\www\laravelTest\vendor\compiled.php(1935): Illuminate\Routing\Router->dispatch(Object(Illuminate\Http\Request))
#18 [internal function]: Illuminate\Foundation\Http\Kernel->Illuminate\Foundation\Http\{closure}(Object(Illuminate\Http\Request))
#19 D:\Wamp\www\laravelTest\vendor\compiled.php(8952): call_user_func(Object(Closure), Object(Illuminate\Http\Request))
#20 D:\Wamp\www\laravelTest\vendor\compiled.php(2438): Illuminate\Pipeline\Pipeline->Illuminate\Pipeline\{closure}(Object(Illuminate\Http\Request))
#21 D:\Wamp\www\laravelTest\app\Http\Middleware\VerifyCsrfToken.php(17): Illuminate\Foundation\Http\Middleware\VerifyCsrfToken->handle(Object(Illuminate\Http\Request), Object(Closure))
#22 D:\Wamp\www\laravelTest\vendor\compiled.php(8944): App\Http\Middleware\VerifyCsrfToken->handle(Object(Illuminate\Http\Request), Object(Closure))
#23 D:\Wamp\www\laravelTest\vendor\compiled.php(12083): Illuminate\Pipeline\Pipeline->Illuminate\Pipeline\{closure}(Object(Illuminate\Http\Request))
#24 D:\Wamp\www\laravelTest\vendor\compiled.php(8944): Illuminate\View\Middleware\ShareErrorsFromSession->handle(Object(Illuminate\Http\Request), Object(Closure))
#25 D:\Wamp\www\laravelTest\vendor\compiled.php(10785): Illuminate\Pipeline\Pipeline->Illuminate\Pipeline\{closure}(Object(Illuminate\Http\Request))
#26 D:\Wamp\www\laravelTest\vendor\compiled.php(8944): Illuminate\Session\Middleware\StartSession->handle(Object(Illuminate\Http\Request), Object(Closure))
#27 D:\Wamp\www\laravelTest\vendor\compiled.php(11789): Illuminate\Pipeline\Pipeline->Illuminate\Pipeline\{closure}(Object(Illuminate\Http\Request))
#28 D:\Wamp\www\laravelTest\vendor\compiled.php(8944): Illuminate\Cookie\Middleware\AddQueuedCookiesToResponse->handle(Object(Illuminate\Http\Request), Object(Closure))
#29 D:\Wamp\www\laravelTest\vendor\compiled.php(11738): Illuminate\Pipeline\Pipeline->Illuminate\Pipeline\{closure}(Object(Illuminate\Http\Request))
#30 D:\Wamp\www\laravelTest\vendor\compiled.php(8944): Illuminate\Cookie\Middleware\EncryptCookies->handle(Object(Illuminate\Http\Request), Object(Closure))
#31 D:\Wamp\www\laravelTest\vendor\compiled.php(2478): Illuminate\Pipeline\Pipeline->Illuminate\Pipeline\{closure}(Object(Illuminate\Http\Request))
#32 D:\Wamp\www\laravelTest\vendor\compiled.php(8944): Illuminate\Foundation\Http\Middleware\CheckForMaintenanceMode->handle(Object(Illuminate\Http\Request), Object(Closure))
#33 [internal function]: Illuminate\Pipeline\Pipeline->Illuminate\Pipeline\{closure}(Object(Illuminate\Http\Request))
#34 D:\Wamp\www\laravelTest\vendor\compiled.php(8935): call_user_func(Object(Closure), Object(Illuminate\Http\Request))
#35 D:\Wamp\www\laravelTest\vendor\compiled.php(1891): Illuminate\Pipeline\Pipeline->then(Object(Closure))
#36 D:\Wamp\www\laravelTest\vendor\compiled.php(1880): Illuminate\Foundation\Http\Kernel->sendRequestThroughRouter(Object(Illuminate\Http\Request))
#37 D:\Wamp\www\laravelTest\public\index.php(53): Illuminate\Foundation\Http\Kernel->handle(Object(Illuminate\Http\Request))
#38 {main}

Next exception 'ErrorException' with message 'Object of class PDO could not be converted to string (View: D:\Wamp\www\laravelTest\resources\views\welcome.blade.php)' in D:\Wamp\www\laravelTest\storage\framework\views\a6d52bf76d63dac108f4fb0ac6f0c896:45
Stack trace:
#0 D:\Wamp\www\laravelTest\vendor\compiled.php(13652): Illuminate\View\Engines\CompilerEngine->handleViewException(Object(ErrorException), 1)
#1 D:\Wamp\www\laravelTest\vendor\compiled.php(13683): Illuminate\View\Engines\PhpEngine->evaluatePath('D:\\Wamp\\www\\lar...', Array)
#2 D:\Wamp\www\laravelTest\vendor\compiled.php(13523): Illuminate\View\Engines\CompilerEngine->get('D:\\Wamp\\www\\lar...', Array)
#3 D:\Wamp\www\laravelTest\vendor\compiled.php(13510): Illuminate\View\View->getContents()
#4 D:\Wamp\www\laravelTest\vendor\compiled.php(13501): Illuminate\View\View->renderContents()
#5 D:\Wamp\www\laravelTest\vendor\compiled.php(14597): Illuminate\View\View->render()
#6 D:\Wamp\www\laravelTest\vendor\compiled.php(14126): Illuminate\Http\Response->setContent(Object(Illuminate\View\View))
#7 D:\Wamp\www\laravelTest\vendor\compiled.php(7154): Symfony\Component\HttpFoundation\Response->__construct(Object(Illuminate\View\View))
#8 D:\Wamp\www\laravelTest\vendor\compiled.php(6954): Illuminate\Routing\Router->prepareResponse(Object(Illuminate\Http\Request), Object(Illuminate\View\View))
#9 [internal function]: Illuminate\Routing\Router->Illuminate\Routing\{closure}(Object(Illuminate\Http\Request))
#10 D:\Wamp\www\laravelTest\vendor\compiled.php(8952): call_user_func(Object(Closure), Object(Illuminate\Http\Request))
#11 [internal function]: Illuminate\Pipeline\Pipeline->Illuminate\Pipeline\{closure}(Object(Illuminate\Http\Request))
#12 D:\Wamp\www\laravelTest\vendor\compiled.php(8935): call_user_func(Object(Closure), Object(Illuminate\Http\Request))
#13 D:\Wamp\www\laravelTest\vendor\compiled.php(6955): Illuminate\Pipeline\Pipeline->then(Object(Closure))
#14 D:\Wamp\www\laravelTest\vendor\compiled.php(6944): Illuminate\Routing\Router->runRouteWithinStack(Object(Illuminate\Routing\Route), Object(Illuminate\Http\Request))
#15 D:\Wamp\www\laravelTest\vendor\compiled.php(6929): Illuminate\Routing\Router->dispatchToRoute(Object(Illuminate\Http\Request))
#16 D:\Wamp\www\laravelTest\vendor\compiled.php(1935): Illuminate\Routing\Router->dispatch(Object(Illuminate\Http\Request))
#17 [internal function]: Illuminate\Foundation\Http\Kernel->Illuminate\Foundation\Http\{closure}(Object(Illuminate\Http\Request))
#18 D:\Wamp\www\laravelTest\vendor\compiled.php(8952): call_user_func(Object(Closure), Object(Illuminate\Http\Request))
#19 D:\Wamp\www\laravelTest\vendor\compiled.php(2438): Illuminate\Pipeline\Pipeline->Illuminate\Pipeline\{closure}(Object(Illuminate\Http\Request))
#20 D:\Wamp\www\laravelTest\app\Http\Middleware\VerifyCsrfToken.php(17): Illuminate\Foundation\Http\Middleware\VerifyCsrfToken->handle(Object(Illuminate\Http\Request), Object(Closure))
#21 D:\Wamp\www\laravelTest\vendor\compiled.php(8944): App\Http\Middleware\VerifyCsrfToken->handle(Object(Illuminate\Http\Request), Object(Closure))
#22 D:\Wamp\www\laravelTest\vendor\compiled.php(12083): Illuminate\Pipeline\Pipeline->Illuminate\Pipeline\{closure}(Object(Illuminate\Http\Request))
#23 D:\Wamp\www\laravelTest\vendor\compiled.php(8944): Illuminate\View\Middleware\ShareErrorsFromSession->handle(Object(Illuminate\Http\Request), Object(Closure))
#24 D:\Wamp\www\laravelTest\vendor\compiled.php(10785): Illuminate\Pipeline\Pipeline->Illuminate\Pipeline\{closure}(Object(Illuminate\Http\Request))
#25 D:\Wamp\www\laravelTest\vendor\compiled.php(8944): Illuminate\Session\Middleware\StartSession->handle(Object(Illuminate\Http\Request), Object(Closure))
#26 D:\Wamp\www\laravelTest\vendor\compiled.php(11789): Illuminate\Pipeline\Pipeline->Illuminate\Pipeline\{closure}(Object(Illuminate\Http\Request))
#27 D:\Wamp\www\laravelTest\vendor\compiled.php(8944): Illuminate\Cookie\Middleware\AddQueuedCookiesToResponse->handle(Object(Illuminate\Http\Request), Object(Closure))
#28 D:\Wamp\www\laravelTest\vendor\compiled.php(11738): Illuminate\Pipeline\Pipeline->Illuminate\Pipeline\{closure}(Object(Illuminate\Http\Request))
#29 D:\Wamp\www\laravelTest\vendor\compiled.php(8944): Illuminate\Cookie\Middleware\EncryptCookies->handle(Object(Illuminate\Http\Request), Object(Closure))
#30 D:\Wamp\www\laravelTest\vendor\compiled.php(2478): Illuminate\Pipeline\Pipeline->Illuminate\Pipeline\{closure}(Object(Illuminate\Http\Request))
#31 D:\Wamp\www\laravelTest\vendor\compiled.php(8944): Illuminate\Foundation\Http\Middleware\CheckForMaintenanceMode->handle(Object(Illuminate\Http\Request), Object(Closure))
#32 [internal function]: Illuminate\Pipeline\Pipeline->Illuminate\Pipeline\{closure}(Object(Illuminate\Http\Request))
#33 D:\Wamp\www\laravelTest\vendor\compiled.php(8935): call_user_func(Object(Closure), Object(Illuminate\Http\Request))
#34 D:\Wamp\www\laravelTest\vendor\compiled.php(1891): Illuminate\Pipeline\Pipeline->then(Object(Closure))
#35 D:\Wamp\www\laravelTest\vendor\compiled.php(1880): Illuminate\Foundation\Http\Kernel->sendRequestThroughRouter(Object(Illuminate\Http\Request))
#36 D:\Wamp\www\laravelTest\public\index.php(53): Illuminate\Foundation\Http\Kernel->handle(Object(Illuminate\Http\Request))
#37 {main}  
[2015-05-12 02:15:36] local.ERROR: exception 'PDOException' with message 'SQLSTATE[42S01]: Base table or view already exists: 1050 Table 'users' already exists' in D:\Wamp\www\laravelTest\vendor\laravel\framework\src\Illuminate\Database\Connection.php:358
Stack trace:
#0 D:\Wamp\www\laravelTest\vendor\laravel\framework\src\Illuminate\Database\Connection.php(358): PDOStatement->execute(Array)
#1 D:\Wamp\www\laravelTest\vendor\laravel\framework\src\Illuminate\Database\Connection.php(612): Illuminate\Database\Connection->Illuminate\Database\{closure}(Object(Illuminate\Database\MySqlConnection), 'create table `u...', Array)
#2 D:\Wamp\www\laravelTest\vendor\laravel\framework\src\Illuminate\Database\Connection.php(576): Illuminate\Database\Connection->runQueryCallback('create table `u...', Array, Object(Closure))
#3 D:\Wamp\www\laravelTest\vendor\laravel\framework\src\Illuminate\Database\Connection.php(359): Illuminate\Database\Connection->run('create table `u...', Array, Object(Closure))
#4 D:\Wamp\www\laravelTest\vendor\laravel\framework\src\Illuminate\Database\Schema\Blueprint.php(63): Illuminate\Database\Connection->statement('create table `u...')
#5 D:\Wamp\www\laravelTest\vendor\laravel\framework\src\Illuminate\Database\Schema\Builder.php(169): Illuminate\Database\Schema\Blueprint->build(Object(Illuminate\Database\MySqlConnection), Object(Illuminate\Database\Schema\Grammars\MySqlGrammar))
#6 D:\Wamp\www\laravelTest\vendor\laravel\framework\src\Illuminate\Database\Schema\Builder.php(112): Illuminate\Database\Schema\Builder->build(Object(Illuminate\Database\Schema\Blueprint))
#7 D:\Wamp\www\laravelTest\vendor\compiled.php(5303): Illuminate\Database\Schema\Builder->create('users', Object(Closure))
#8 D:\Wamp\www\laravelTest\database\migrations\2014_10_12_000000_create_users_table.php(23): Illuminate\Support\Facades\Facade::__callStatic('create', Array)
#9 D:\Wamp\www\laravelTest\database\migrations\2014_10_12_000000_create_users_table.php(23): Illuminate\Support\Facades\Schema::create('users', Object(Closure))
#10 D:\Wamp\www\laravelTest\vendor\laravel\framework\src\Illuminate\Database\Migrations\Migrator.php(135): CreateUsersTable->up()
#11 D:\Wamp\www\laravelTest\vendor\laravel\framework\src\Illuminate\Database\Migrations\Migrator.php(111): Illuminate\Database\Migrations\Migrator->runUp('2014_10_12_0000...', 1, false)
#12 D:\Wamp\www\laravelTest\vendor\laravel\framework\src\Illuminate\Database\Migrations\Migrator.php(82): Illuminate\Database\Migrations\Migrator->runMigrationList(Array, false)
#13 D:\Wamp\www\laravelTest\vendor\laravel\framework\src\Illuminate\Database\Console\Migrations\MigrateCommand.php(73): Illuminate\Database\Migrations\Migrator->run('D:\\Wamp\\www\\lar...', false)
#14 [internal function]: Illuminate\Database\Console\Migrations\MigrateCommand->fire()
#15 D:\Wamp\www\laravelTest\vendor\compiled.php(925): call_user_func_array(Array, Array)
#16 D:\Wamp\www\laravelTest\vendor\laravel\framework\src\Illuminate\Console\Command.php(115): Illuminate\Container\Container->call(Array)
#17 D:\Wamp\www\laravelTest\vendor\symfony\console\Symfony\Component\Console\Command\Command.php(253): Illuminate\Console\Command->execute(Object(Symfony\Component\Console\Input\ArgvInput), Object(Symfony\Component\Console\Output\ConsoleOutput))
#18 D:\Wamp\www\laravelTest\vendor\laravel\framework\src\Illuminate\Console\Command.php(101): Symfony\Component\Console\Command\Command->run(Object(Symfony\Component\Console\Input\ArgvInput), Object(Symfony\Component\Console\Output\ConsoleOutput))
#19 D:\Wamp\www\laravelTest\vendor\symfony\console\Symfony\Component\Console\Application.php(874): Illuminate\Console\Command->run(Object(Symfony\Component\Console\Input\ArgvInput), Object(Symfony\Component\Console\Output\ConsoleOutput))
#20 D:\Wamp\www\laravelTest\vendor\symfony\console\Symfony\Component\Console\Application.php(195): Symfony\Component\Console\Application->doRunCommand(Object(Illuminate\Database\Console\Migrations\MigrateCommand), Object(Symfony\Component\Console\Input\ArgvInput), Object(Symfony\Component\Console\Output\ConsoleOutput))
#21 D:\Wamp\www\laravelTest\vendor\symfony\console\Symfony\Component\Console\Application.php(126): Symfony\Component\Console\Application->doRun(Object(Symfony\Component\Console\Input\ArgvInput), Object(Symfony\Component\Console\Output\ConsoleOutput))
#22 D:\Wamp\www\laravelTest\vendor\laravel\framework\src\Illuminate\Foundation\Console\Kernel.php(90): Symfony\Component\Console\Application->run(Object(Symfony\Component\Console\Input\ArgvInput), Object(Symfony\Component\Console\Output\ConsoleOutput))
#23 D:\Wamp\www\laravelTest\artisan(36): Illuminate\Foundation\Console\Kernel->handle(Object(Symfony\Component\Console\Input\ArgvInput), Object(Symfony\Component\Console\Output\ConsoleOutput))
#24 {main}

Next exception 'Illuminate\Database\QueryException' with message 'SQLSTATE[42S01]: Base table or view already exists: 1050 Table 'users' already exists (SQL: create table `users` (`id` int unsigned not null auto_increment primary key, `name` varchar(255) not null, `email` varchar(255) not null, `password` varchar(60) not null, `remember_token` varchar(100) null, `created_at` timestamp default 0 not null, `updated_at` timestamp default 0 not null) default character set utf8 collate utf8_bin)' in D:\Wamp\www\laravelTest\vendor\laravel\framework\src\Illuminate\Database\Connection.php:620
Stack trace:
#0 D:\Wamp\www\laravelTest\vendor\laravel\framework\src\Illuminate\Database\Connection.php(576): Illuminate\Database\Connection->runQueryCallback('create table `u...', Array, Object(Closure))
#1 D:\Wamp\www\laravelTest\vendor\laravel\framework\src\Illuminate\Database\Connection.php(359): Illuminate\Database\Connection->run('create table `u...', Array, Object(Closure))
#2 D:\Wamp\www\laravelTest\vendor\laravel\framework\src\Illuminate\Database\Schema\Blueprint.php(63): Illuminate\Database\Connection->statement('create table `u...')
#3 D:\Wamp\www\laravelTest\vendor\laravel\framework\src\Illuminate\Database\Schema\Builder.php(169): Illuminate\Database\Schema\Blueprint->build(Object(Illuminate\Database\MySqlConnection), Object(Illuminate\Database\Schema\Grammars\MySqlGrammar))
#4 D:\Wamp\www\laravelTest\vendor\laravel\framework\src\Illuminate\Database\Schema\Builder.php(112): Illuminate\Database\Schema\Builder->build(Object(Illuminate\Database\Schema\Blueprint))
#5 D:\Wamp\www\laravelTest\vendor\compiled.php(5303): Illuminate\Database\Schema\Builder->create('users', Object(Closure))
#6 D:\Wamp\www\laravelTest\database\migrations\2014_10_12_000000_create_users_table.php(23): Illuminate\Support\Facades\Facade::__callStatic('create', Array)
#7 D:\Wamp\www\laravelTest\database\migrations\2014_10_12_000000_create_users_table.php(23): Illuminate\Support\Facades\Schema::create('users', Object(Closure))
#8 D:\Wamp\www\laravelTest\vendor\laravel\framework\src\Illuminate\Database\Migrations\Migrator.php(135): CreateUsersTable->up()
#9 D:\Wamp\www\laravelTest\vendor\laravel\framework\src\Illuminate\Database\Migrations\Migrator.php(111): Illuminate\Database\Migrations\Migrator->runUp('2014_10_12_0000...', 1, false)
#10 D:\Wamp\www\laravelTest\vendor\laravel\framework\src\Illuminate\Database\Migrations\Migrator.php(82): Illuminate\Database\Migrations\Migrator->runMigrationList(Array, false)
#11 D:\Wamp\www\laravelTest\vendor\laravel\framework\src\Illuminate\Database\Console\Migrations\MigrateCommand.php(73): Illuminate\Database\Migrations\Migrator->run('D:\\Wamp\\www\\lar...', false)
#12 [internal function]: Illuminate\Database\Console\Migrations\MigrateCommand->fire()
#13 D:\Wamp\www\laravelTest\vendor\compiled.php(925): call_user_func_array(Array, Array)
#14 D:\Wamp\www\laravelTest\vendor\laravel\framework\src\Illuminate\Console\Command.php(115): Illuminate\Container\Container->call(Array)
#15 D:\Wamp\www\laravelTest\vendor\symfony\console\Symfony\Component\Console\Command\Command.php(253): Illuminate\Console\Command->execute(Object(Symfony\Component\Console\Input\ArgvInput), Object(Symfony\Component\Console\Output\ConsoleOutput))
#16 D:\Wamp\www\laravelTest\vendor\laravel\framework\src\Illuminate\Console\Command.php(101): Symfony\Component\Console\Command\Command->run(Object(Symfony\Component\Console\Input\ArgvInput), Object(Symfony\Component\Console\Output\ConsoleOutput))
#17 D:\Wamp\www\laravelTest\vendor\symfony\console\Symfony\Component\Console\Application.php(874): Illuminate\Console\Command->run(Object(Symfony\Component\Console\Input\ArgvInput), Object(Symfony\Component\Console\Output\ConsoleOutput))
#18 D:\Wamp\www\laravelTest\vendor\symfony\console\Symfony\Component\Console\Application.php(195): Symfony\Component\Console\Application->doRunCommand(Object(Illuminate\Database\Console\Migrations\MigrateCommand), Object(Symfony\Component\Console\Input\ArgvInput), Object(Symfony\Component\Console\Output\ConsoleOutput))
#19 D:\Wamp\www\laravelTest\vendor\symfony\console\Symfony\Component\Console\Application.php(126): Symfony\Component\Console\Application->doRun(Object(Symfony\Component\Console\Input\ArgvInput), Object(Symfony\Component\Console\Output\ConsoleOutput))
#20 D:\Wamp\www\laravelTest\vendor\laravel\framework\src\Illuminate\Foundation\Console\Kernel.php(90): Symfony\Component\Console\Application->run(Object(Symfony\Component\Console\Input\ArgvInput), Object(Symfony\Component\Console\Output\ConsoleOutput))
#21 D:\Wamp\www\laravelTest\artisan(36): Illuminate\Foundation\Console\Kernel->handle(Object(Symfony\Component\Console\Input\ArgvInput), Object(Symfony\Component\Console\Output\ConsoleOutput))
#22 {main}  
